#
# A fatal error has been detected by the Java Runtime Environment:
#
#  EXCEPTION_ACCESS_VIOLATION (0xc0000005) at pc=0x00007ffca7a490f9, pid=26684, tid=0x0000000000005990
#
# JRE version: Java(TM) SE Runtime Environment (8.0_251-b08) (build 1.8.0_251-b08)
# Java VM: Java HotSpot(TM) 64-Bit Server VM (25.251-b08 mixed mode windows-amd64 compressed oops)
# Problematic frame:
# C  [nvoglv64.dll+0xa490f9]
#
# Failed to write core dump. Minidumps are not enabled by default on client versions of Windows
#
# If you would like to submit a bug report, please visit:
#   http://bugreport.java.com/bugreport/crash.jsp
# The crash happened outside the Java Virtual Machine in native code.
# See problematic frame for where to report the bug.
#

---------------  T H R E A D  ---------------

Current thread (0x0000000002ec6800):  JavaThread "main" [_thread_in_native, id=22928, stack(0x0000000002dc0000,0x0000000002ec0000)]

siginfo: ExceptionCode=0xc0000005, reading address 0x0000000000000000

Registers:
RAX=0x000000c6c7b2db8d, RBX=0x0000000000000000, RCX=0x0000000000000000, RDX=0x0000050a5904a4b7
RSP=0x0000000002ebf1b0, RBP=0x0000000002ebf370, RSI=0x0000000000000009, RDI=0x0000000000000001
R8 =0x0000000000000499, R9 =0x0000000000000000, R10=0x00000000546c6148, R11=0x000002b973f7eed2
R12=0x0000000000001405, R13=0x000000001c686e88, R14=0x0000000000000000, R15=0x000000001c686080
RIP=0x00007ffca7a490f9, EFLAGS=0x0000000000010246

Top of Stack: (sp=0x0000000002ebf1b0)
0x0000000002ebf1b0:   0000000000000000 0000000000000000
0x0000000002ebf1c0:   0000000000000000 0000000002ec6800
0x0000000002ebf1d0:   0000000000000000 0000000002ebf3b0
0x0000000002ebf1e0:   0000000000000000 0000000000000000
0x0000000002ebf1f0:   0000000002ebf200 0000000000000000
0x0000000002ebf200:   0000000000000000 0000000002ec6800
0x0000000002ebf210:   0000000000000000 0000000000001405
0x0000000002ebf220:   0000000000000006 000000001c686080
0x0000000002ebf230:   0000000000000009 0000000002ebf370
0x0000000002ebf240:   0000000000000000 00007ffca76c4176
0x0000000002ebf250:   0000000002dbea90 0000000000000006
0x0000000002ebf260:   0000000000000000 0000000000000000
0x0000000002ebf270:   0000000000000009 0000000000000024
0x0000000002ebf280:   0000000000000000 0000000000000000
0x0000000002ebf290:   0000000024039f00 0000000002ec6800
0x0000000002ebf2a0:   0000000002fc835d 0000000002fd8ad7 

Instructions: (pc=0x00007ffca7a490f9)
0x00007ffca7a490d9:   da 07 00 00 bf 01 00 00 00 49 8d 8f 00 f0 55 00
0x00007ffca7a490e9:   8b d7 e8 10 f7 e6 ff 41 81 fc 05 14 00 00 75 21
0x00007ffca7a490f9:   8b 0b 8d 6e ff 48 63 c5 48 89 84 24 a0 00 00 00
0x00007ffca7a49109:   8b 04 83 3b c8 44 8b f0 44 0f 47 f1 0f 42 c1 eb 


Register to memory mapping:

RAX=0x000000c6c7b2db8d is an unknown value
RBX=0x0000000000000000 is an unknown value
RCX=0x0000000000000000 is an unknown value
RDX=0x0000050a5904a4b7 is an unknown value
RSP=0x0000000002ebf1b0 is pointing into the stack for thread: 0x0000000002ec6800
RBP=0x0000000002ebf370 is pointing into the stack for thread: 0x0000000002ec6800
RSI=0x0000000000000009 is an unknown value
RDI=0x0000000000000001 is an unknown value
R8 =0x0000000000000499 is an unknown value
R9 =0x0000000000000000 is an unknown value
R10=0x00000000546c6148 is an unknown value
R11=0x000002b973f7eed2 is an unknown value
R12=0x0000000000001405 is an unknown value
R13=0x000000001c686e88 is an unknown value
R14=0x0000000000000000 is an unknown value
R15=0x000000001c686080 is an unknown value


Stack: [0x0000000002dc0000,0x0000000002ec0000],  sp=0x0000000002ebf1b0,  free space=1020k
Native frames: (J=compiled Java code, j=interpreted, Vv=VM code, C=native code)
C  [nvoglv64.dll+0xa490f9]
C  [nvoglv64.dll+0x6c4176]
C  0x0000000002fd8c67

Java frames: (J=compiled Java code, j=interpreted, Vv=VM code)
j  org.lwjgl.opengl.GL11C.nglDrawElements(IIIJ)V+0
j  org.lwjgl.opengl.GL11C.glDrawElements(IIIJ)V+4
j  org.lwjgl.opengl.GL11.glDrawElements(IIIJ)V+4
j  niles.lwjgl.shadows.ShadowModel.render()V+30
j  testing.testing3.update()V+11
j  niles.lwjgl.loop.Game.loop()V+30
j  niles.lwjgl.loop.Game.<init>()V+59
j  testing.testing3.<init>()V+1
j  testing.testing3.main([Ljava/lang/String;)V+3
v  ~StubRoutines::call_stub

---------------  P R O C E S S  ---------------

Java Threads: ( => current thread )
  0x0000000019498800 JavaThread "Service Thread" daemon [_thread_blocked, id=25512, stack(0x0000000019870000,0x0000000019970000)]
  0x0000000017b31000 JavaThread "C1 CompilerThread2" daemon [_thread_blocked, id=17656, stack(0x0000000019370000,0x0000000019470000)]
  0x0000000017b2c800 JavaThread "C2 CompilerThread1" daemon [_thread_blocked, id=11268, stack(0x0000000019270000,0x0000000019370000)]
  0x0000000017b25000 JavaThread "C2 CompilerThread0" daemon [_thread_in_native, id=19708, stack(0x0000000019170000,0x0000000019270000)]
  0x0000000017b23000 JavaThread "Attach Listener" daemon [_thread_blocked, id=20752, stack(0x0000000019070000,0x0000000019170000)]
  0x0000000017b1f800 JavaThread "Signal Dispatcher" daemon [_thread_blocked, id=14988, stack(0x0000000018f70000,0x0000000019070000)]
  0x0000000017b0c000 JavaThread "Finalizer" daemon [_thread_blocked, id=18348, stack(0x0000000018d70000,0x0000000018e70000)]
  0x0000000002fb6000 JavaThread "Reference Handler" daemon [_thread_blocked, id=22868, stack(0x0000000018c70000,0x0000000018d70000)]
=>0x0000000002ec6800 JavaThread "main" [_thread_in_native, id=22928, stack(0x0000000002dc0000,0x0000000002ec0000)]

Other Threads:
  0x0000000017ae7800 VMThread [stack: 0x0000000018b70000,0x0000000018c70000] [id=15536]
  0x00000000194dd000 WatcherThread [stack: 0x0000000019970000,0x0000000019a70000] [id=16372]

VM state:not at safepoint (normal execution)

VM Mutex/Monitor currently owned by a thread: None

heap address: 0x0000000081600000, size: 2026 MB, Compressed Oops mode: 32-bit
Narrow klass base: 0x0000000000000000, Narrow klass shift: 3
Compressed class space size: 1073741824 Address: 0x0000000100000000

Heap:
 PSYoungGen      total 38400K, used 26663K [0x00000000d5d00000, 0x00000000d8780000, 0x0000000100000000)
  eden space 33280K, 80% used [0x00000000d5d00000,0x00000000d7709cf0,0x00000000d7d80000)
  from space 5120K, 0% used [0x00000000d8280000,0x00000000d8280000,0x00000000d8780000)
  to   space 5120K, 0% used [0x00000000d7d80000,0x00000000d7d80000,0x00000000d8280000)
 ParOldGen       total 87552K, used 0K [0x0000000081600000, 0x0000000086b80000, 0x00000000d5d00000)
  object space 87552K, 0% used [0x0000000081600000,0x0000000081600000,0x0000000086b80000)
 Metaspace       used 9564K, capacity 9797K, committed 9856K, reserved 1058816K
  class space    used 768K, capacity 871K, committed 896K, reserved 1048576K

Card table byte_map: [0x0000000012380000,0x0000000012780000] byte_map_base: 0x0000000011f75000

Marking Bits: (ParMarkBitMap*) 0x00000000544daf90
 Begin Bits: [0x0000000012e30000, 0x0000000014dd8000)
 End Bits:   [0x0000000014dd8000, 0x0000000016d80000)

Polling page: 0x0000000000be0000

CodeCache: size=245760Kb used=3173Kb max_used=3173Kb free=242586Kb
 bounds [0x0000000002fc0000, 0x00000000032e0000, 0x0000000011fc0000]
 total_blobs=1652 nmethods=726 adapters=839
 compilation: enabled

Compilation events (10 events):
Event: 1.451 Thread 0x0000000017b31000  723       3       java.lang.invoke.MemberName$Factory::resolveOrFail (52 bytes)
Event: 1.451 Thread 0x0000000017b31000 nmethod 723 0x00000000032d6e50 code [0x00000000032d7020, 0x00000000032d78f8]
Event: 1.452 Thread 0x0000000017b31000  724       1       sun.nio.cs.SingleByte$Decoder::decode (11 bytes)
Event: 1.452 Thread 0x0000000017b31000 nmethod 724 0x00000000032d7c10 code [0x00000000032d7d60, 0x00000000032d7eb0]
Event: 1.455 Thread 0x0000000017b31000  725       3       java.nio.Buffer::<init> (121 bytes)
Event: 1.456 Thread 0x0000000017b31000 nmethod 725 0x00000000032d7f90 code [0x00000000032d8260, 0x00000000032d96e8]
Event: 1.456 Thread 0x0000000017b31000  726       3       java.nio.ByteBuffer::hasArray (20 bytes)
Event: 1.456 Thread 0x0000000017b31000 nmethod 726 0x00000000032da050 code [0x00000000032da1a0, 0x00000000032da390]
Event: 1.456 Thread 0x0000000017b31000  727       3       java.nio.CharBuffer::hasArray (20 bytes)
Event: 1.456 Thread 0x0000000017b31000 nmethod 727 0x00000000032da410 code [0x00000000032da560, 0x00000000032da750]

GC Heap History (0 events):
No events

Deoptimization events (1 events):
Event: 0.143 Thread 0x0000000002ec6800 Uncommon trap: reason=unstable_if action=reinterpret pc=0x00000000030c3c78 method=java.lang.String.hashCode()I @ 14

Classes redefined (0 events):
No events

Internal exceptions (10 events):
Event: 0.422 Thread 0x0000000002ec6800 Exception <a 'sun/nio/fs/WindowsException'> (0x00000000d65fd5a8) thrown at [C:\jenkins\workspace\8-2-build-windows-amd64-cygwin\jdk8u251\737\hotspot\src\share\vm\prims\jni.cpp, line 710]
Event: 0.423 Thread 0x0000000002ec6800 Exception <a 'sun/nio/fs/WindowsException'> (0x00000000d65fde50) thrown at [C:\jenkins\workspace\8-2-build-windows-amd64-cygwin\jdk8u251\737\hotspot\src\share\vm\prims\jni.cpp, line 710]
Event: 0.437 Thread 0x0000000002ec6800 Exception <a 'sun/nio/fs/WindowsException'> (0x00000000d66426b0) thrown at [C:\jenkins\workspace\8-2-build-windows-amd64-cygwin\jdk8u251\737\hotspot\src\share\vm\prims\jni.cpp, line 710]
Event: 0.437 Thread 0x0000000002ec6800 Exception <a 'sun/nio/fs/WindowsException'> (0x00000000d6642d90) thrown at [C:\jenkins\workspace\8-2-build-windows-amd64-cygwin\jdk8u251\737\hotspot\src\share\vm\prims\jni.cpp, line 710]
Event: 1.094 Thread 0x0000000002ec6800 Exception <a 'sun/nio/fs/WindowsException'> (0x00000000d6831658) thrown at [C:\jenkins\workspace\8-2-build-windows-amd64-cygwin\jdk8u251\737\hotspot\src\share\vm\prims\jni.cpp, line 710]
Event: 1.094 Thread 0x0000000002ec6800 Exception <a 'sun/nio/fs/WindowsException'> (0x00000000d6831d98) thrown at [C:\jenkins\workspace\8-2-build-windows-amd64-cygwin\jdk8u251\737\hotspot\src\share\vm\prims\jni.cpp, line 710]
Event: 1.097 Thread 0x0000000002ec6800 Exception <a 'sun/nio/fs/WindowsException'> (0x00000000d684a578) thrown at [C:\jenkins\workspace\8-2-build-windows-amd64-cygwin\jdk8u251\737\hotspot\src\share\vm\prims\jni.cpp, line 710]
Event: 1.098 Thread 0x0000000002ec6800 Exception <a 'sun/nio/fs/WindowsException'> (0x00000000d684ab70) thrown at [C:\jenkins\workspace\8-2-build-windows-amd64-cygwin\jdk8u251\737\hotspot\src\share\vm\prims\jni.cpp, line 710]
Event: 1.155 Thread 0x0000000002ec6800 Exception <a 'sun/nio/fs/WindowsException'> (0x00000000d6a22278) thrown at [C:\jenkins\workspace\8-2-build-windows-amd64-cygwin\jdk8u251\737\hotspot\src\share\vm\prims\jni.cpp, line 710]
Event: 1.155 Thread 0x0000000002ec6800 Exception <a 'sun/nio/fs/WindowsException'> (0x00000000d6a229a8) thrown at [C:\jenkins\workspace\8-2-build-windows-amd64-cygwin\jdk8u251\737\hotspot\src\share\vm\prims\jni.cpp, line 710]

Events (10 events):
Event: 1.448 loading class org/lwjgl/opengl/GL13C
Event: 1.448 loading class org/lwjgl/opengl/GL13C done
Event: 1.449 loading class org/lwjgl/opengl/GL12C
Event: 1.449 loading class org/lwjgl/opengl/GL12C done
Event: 1.451 loading class org/lwjgl/system/APIUtil$Encoder
Event: 1.451 loading class org/lwjgl/system/APIUtil$Encoder done
Event: 1.451 loading class org/lwjgl/system/APIUtil$Encoder
Event: 1.451 loading class org/lwjgl/system/APIUtil$Encoder done
Event: 1.456 loading class niles/lwjgl/shadows/ShadowModel
Event: 1.456 loading class niles/lwjgl/shadows/ShadowModel done


Dynamic libraries:
0x00007ff6057d0000 - 0x00007ff605807000 	C:\Program Files\Java\jre1.8.0_251\bin\javaw.exe
0x00007ffd053c0000 - 0x00007ffd055b0000 	C:\WINDOWS\SYSTEM32\ntdll.dll
0x00007ffd036f0000 - 0x00007ffd037a2000 	C:\WINDOWS\System32\KERNEL32.DLL
0x00007ffd031c0000 - 0x00007ffd03464000 	C:\WINDOWS\System32\KERNELBASE.dll
0x00007ffd05010000 - 0x00007ffd050b3000 	C:\WINDOWS\System32\ADVAPI32.dll
0x00007ffd03ee0000 - 0x00007ffd03f7e000 	C:\WINDOWS\System32\msvcrt.dll
0x00007ffd03dc0000 - 0x00007ffd03e57000 	C:\WINDOWS\System32\sechost.dll
0x00007ffd05160000 - 0x00007ffd05280000 	C:\WINDOWS\System32\RPCRT4.dll
0x00007ffd037b0000 - 0x00007ffd03944000 	C:\WINDOWS\System32\USER32.dll
0x00007ffd02e40000 - 0x00007ffd02e61000 	C:\WINDOWS\System32\win32u.dll
0x00007ffd050c0000 - 0x00007ffd050e6000 	C:\WINDOWS\System32\GDI32.dll
0x00007ffd02fc0000 - 0x00007ffd03154000 	C:\WINDOWS\System32\gdi32full.dll
0x00007ffd02cd0000 - 0x00007ffd02d6e000 	C:\WINDOWS\System32\msvcp_win.dll
0x00007ffd02350000 - 0x00007ffd0244a000 	C:\WINDOWS\System32\ucrtbase.dll
0x00007ffcf9750000 - 0x00007ffcf99d4000 	C:\WINDOWS\WinSxS\amd64_microsoft.windows.common-controls_6595b64144ccf1df_6.0.18362.836_none_e6c4b943130f18ed\COMCTL32.dll
0x00007ffd03950000 - 0x00007ffd03c86000 	C:\WINDOWS\System32\combase.dll
0x00007ffd02d70000 - 0x00007ffd02df0000 	C:\WINDOWS\System32\bcryptPrimitives.dll
0x00007ffd05280000 - 0x00007ffd052ae000 	C:\WINDOWS\System32\IMM32.DLL
0x0000000054740000 - 0x0000000054812000 	C:\Program Files\Java\jre1.8.0_251\bin\msvcr100.dll
0x0000000053cb0000 - 0x000000005455b000 	C:\Program Files\Java\jre1.8.0_251\bin\server\jvm.dll
0x00007ffd05000000 - 0x00007ffd05008000 	C:\WINDOWS\System32\PSAPI.DLL
0x00007ffcfed20000 - 0x00007ffcfed44000 	C:\WINDOWS\SYSTEM32\WINMM.dll
0x00007ffcfcc30000 - 0x00007ffcfcc3a000 	C:\WINDOWS\SYSTEM32\VERSION.dll
0x00007ffcfecf0000 - 0x00007ffcfed1d000 	C:\WINDOWS\SYSTEM32\WINMMBASE.dll
0x00007ffd02df0000 - 0x00007ffd02e3a000 	C:\WINDOWS\System32\cfgmgr32.dll
0x00007ffcffd90000 - 0x00007ffcffd99000 	C:\WINDOWS\SYSTEM32\WSOCK32.dll
0x00007ffd04a70000 - 0x00007ffd04adf000 	C:\WINDOWS\System32\WS2_32.dll
0x00007ffcffd80000 - 0x00007ffcffd8f000 	C:\Program Files\Java\jre1.8.0_251\bin\verify.dll
0x00007ffcf88a0000 - 0x00007ffcf88c9000 	C:\Program Files\Java\jre1.8.0_251\bin\java.dll
0x00007ffcfd4b0000 - 0x00007ffcfd4c6000 	C:\Program Files\Java\jre1.8.0_251\bin\zip.dll
0x00007ffd04140000 - 0x00007ffd04824000 	C:\WINDOWS\System32\SHELL32.dll
0x00007ffd04850000 - 0x00007ffd048f9000 	C:\WINDOWS\System32\shcore.dll
0x00007ffd02470000 - 0x00007ffd02bee000 	C:\WINDOWS\System32\windows.storage.dll
0x00007ffd02300000 - 0x00007ffd02323000 	C:\WINDOWS\System32\profapi.dll
0x00007ffd022b0000 - 0x00007ffd022fa000 	C:\WINDOWS\System32\powrprof.dll
0x00007ffd02280000 - 0x00007ffd02290000 	C:\WINDOWS\System32\UMPDC.dll
0x00007ffd03d60000 - 0x00007ffd03db2000 	C:\WINDOWS\System32\shlwapi.dll
0x00007ffd02290000 - 0x00007ffd022a1000 	C:\WINDOWS\System32\kernel.appcore.dll
0x00007ffd02450000 - 0x00007ffd02467000 	C:\WINDOWS\System32\cryptsp.dll
0x00007ffcfd290000 - 0x00007ffcfd2aa000 	C:\Program Files\Java\jre1.8.0_251\bin\net.dll
0x00007ffd01a90000 - 0x00007ffd01af7000 	C:\WINDOWS\system32\mswsock.dll
0x00007ffcfb250000 - 0x00007ffcfb262000 	C:\Program Files\Java\jre1.8.0_251\bin\nio.dll
0x00007ffcf1ba0000 - 0x00007ffcf1c04000 	C:\Users\nils-\AppData\Local\Temp\lwjglnils-\3.2.3-build-13\lwjgl.dll
0x00007ffcf0cb0000 - 0x00007ffcf0d12000 	C:\Users\nils-\AppData\Local\Temp\lwjglnils-\3.2.3-build-13\glfw.dll
0x00007ffd00610000 - 0x00007ffd006a9000 	C:\WINDOWS\system32\uxtheme.dll
0x00007ffcf8700000 - 0x00007ffcf8743000 	C:\WINDOWS\SYSTEM32\dinput8.dll
0x00007ffcff110000 - 0x00007ffcff121000 	C:\WINDOWS\SYSTEM32\xinput1_4.dll
0x00007ffd02040000 - 0x00007ffd0206a000 	C:\WINDOWS\SYSTEM32\DEVOBJ.dll
0x00007ffd008f0000 - 0x00007ffd0091d000 	C:\WINDOWS\SYSTEM32\dwmapi.dll
0x00007ffcf4380000 - 0x00007ffcf449b000 	C:\WINDOWS\SYSTEM32\inputhost.dll
0x00007ffcfee20000 - 0x00007ffcfeef4000 	C:\WINDOWS\SYSTEM32\CoreMessaging.dll
0x00007ffcfcf60000 - 0x00007ffcfd28a000 	C:\WINDOWS\SYSTEM32\CoreUIComponents.dll
0x00007ffcfe1b0000 - 0x00007ffcfe2a0000 	C:\WINDOWS\SYSTEM32\PROPSYS.dll
0x00007ffd052b0000 - 0x00007ffd05374000 	C:\WINDOWS\System32\OLEAUT32.dll
0x00007ffcfd570000 - 0x00007ffcfd6c3000 	C:\WINDOWS\SYSTEM32\wintypes.dll
0x00007ffd01360000 - 0x00007ffd01391000 	C:\WINDOWS\SYSTEM32\ntmarta.dll
0x00007ffd04000000 - 0x00007ffd04136000 	C:\WINDOWS\System32\MSCTF.dll
0x00007ffd00bc0000 - 0x00007ffd00bce000 	C:\WINDOWS\SYSTEM32\HID.DLL
0x00007ffd04b90000 - 0x00007ffd05000000 	C:\WINDOWS\System32\SETUPAPI.DLL
0x00007ffd02bf0000 - 0x00007ffd02c16000 	C:\WINDOWS\System32\bcrypt.dll
0x00007ffd03160000 - 0x00007ffd031bc000 	C:\WINDOWS\System32\WINTRUST.dll
0x00007ffd02330000 - 0x00007ffd02342000 	C:\WINDOWS\System32\MSASN1.dll
0x00007ffd02e70000 - 0x00007ffd02fb9000 	C:\WINDOWS\System32\CRYPT32.dll
0x00007ffcf2420000 - 0x00007ffcf2576000 	C:\WINDOWS\SYSTEM32\opengl32.dll
0x00007ffcfb070000 - 0x00007ffcfb09c000 	C:\WINDOWS\SYSTEM32\GLU32.dll
0x00007ffd00ef0000 - 0x00007ffd00f10000 	C:\WINDOWS\SYSTEM32\dxcore.dll
0x00007ffca7000000 - 0x00007ffca9724000 	C:\WINDOWS\System32\DriverStore\FileRepository\nvlei.inf_amd64_1f32a21f6762787e\nvoglv64.dll
0x00007ffd04900000 - 0x00007ffd04a57000 	C:\WINDOWS\System32\ole32.dll
0x00007ffcfe180000 - 0x00007ffcfe193000 	C:\WINDOWS\SYSTEM32\WTSAPI32.dll
0x00007ffce8ec0000 - 0x00007ffce9126000 	C:\WINDOWS\system32\nvspcap64.dll
0x00007ffd02070000 - 0x00007ffd020c6000 	C:\WINDOWS\SYSTEM32\WINSTA.dll
0x00007ffcfd340000 - 0x00007ffcfd3de000 	C:\WINDOWS\System32\TextInputFramework.dll
0x00007ffcf12f0000 - 0x00007ffcf1596000 	C:\WINDOWS\System32\iertutil.dll
0x00007ffcf7990000 - 0x00007ffcf79e9000 	C:\Users\nils-\AppData\Local\Temp\lwjglnils-\3.2.3-build-13\lwjgl_opengl.dll
0x00007ffcb40e0000 - 0x00007ffcb4333000 	C:\Users\nils-\AppData\Local\Temp\lwjglnils-\3.2.3-build-13\jemalloc.dll
0x00007ffd00cd0000 - 0x00007ffd00ec4000 	C:\WINDOWS\SYSTEM32\dbghelp.dll

VM Arguments:
jvm_args: -Dfile.encoding=Cp1252 
java_command: testing.testing3
java_class_path (initial): C:\Users\nils-\eclipse-workspace\lwjgl_library\bin;C:\Users\nils-\eclipse-workspace\lwjgl_library\lib\lwjgl-assimp-javadoc.jar;C:\Users\nils-\eclipse-workspace\lwjgl_library\lib\lwjgl-assimp-natives-windows.jar;C:\Users\nils-\eclipse-workspace\lwjgl_library\lib\lwjgl-assimp-sources.jar;C:\Users\nils-\eclipse-workspace\lwjgl_library\lib\lwjgl-assimp.jar;C:\Users\nils-\eclipse-workspace\lwjgl_library\lib\lwjgl-bgfx-javadoc.jar;C:\Users\nils-\eclipse-workspace\lwjgl_library\lib\lwjgl-bgfx-natives-windows.jar;C:\Users\nils-\eclipse-workspace\lwjgl_library\lib\lwjgl-bgfx-sources.jar;C:\Users\nils-\eclipse-workspace\lwjgl_library\lib\lwjgl-bgfx.jar;C:\Users\nils-\eclipse-workspace\lwjgl_library\lib\lwjgl-cuda-javadoc.jar;C:\Users\nils-\eclipse-workspace\lwjgl_library\lib\lwjgl-cuda-sources.jar;C:\Users\nils-\eclipse-workspace\lwjgl_library\lib\lwjgl-cuda.jar;C:\Users\nils-\eclipse-workspace\lwjgl_library\lib\lwjgl-egl-javadoc.jar;C:\Users\nils-\eclipse-workspace\lwjgl_library\lib\lwjgl-egl-sources.jar;C:\Users\nils-\eclipse-workspace\lwjgl_library\lib\lwjgl-egl.jar;C:\Users\nils-\eclipse-workspace\lwjgl_library\lib\lwjgl-glfw-javadoc.jar;C:\Users\nils-\eclipse-workspace\lwjgl_library\lib\lwjgl-glfw-natives-windows.jar;C:\Users\nils-\eclipse-workspace\lwjgl_library\lib\lwjgl-glfw-sources.jar;C:\Users\nils-\eclipse-workspace\lwjgl_library\lib\lwjgl-glfw.jar;C:\Users\nils-\eclipse-workspace\lwjgl_library\lib\lwjgl-javadoc.jar;C:\Users\nils-\eclipse-workspace\lwjgl_library\lib\lwjgl-jawt-javadoc.jar;C:\Users\nils-\eclipse-workspace\lwjgl_library\lib\lwjgl-jawt-sources.jar;C:\Users\nils-\eclipse-workspace\lwjgl_library\lib\lwjgl-jawt.jar;C:\Users\nils-\eclipse-workspace\lwjgl_library\lib\lwjgl-jemalloc-javadoc.jar;C:\Users\nils-\eclipse-workspace\lwjgl_library\lib\lwjgl-jemalloc-natives-windows.jar;C:\Users\nils-\eclipse-workspace\lwjgl_library\lib\lwjgl-jemalloc-sources.jar;C:\Users\nils-\eclipse-workspace\lwjgl_library\lib\lwjgl-jemalloc.jar;C:\U
Launcher Type: SUN_STANDARD

Environment Variables:
PATH=C:/Program Files/Java/jre1.8.0_251/bin/server;C:/Program Files/Java/jre1.8.0_251/bin;C:/Program Files/Java/jre1.8.0_251/lib/amd64;C:\Program Files (x86)\Common Files\Oracle\Java\javapath;C:\Program Files (x86)\Intel\iCLS Client\;C:\Program Files\Intel\iCLS Client\;C:\Windows\system32;C:\Windows;C:\Windows\System32\Wbem;C:\Windows\System32\WindowsPowerShell\v1.0\;C:\Program Files (x86)\NVIDIA Corporation\PhysX\Common;C:\Program Files (x86)\Intel\Intel(R) Management Engine Components\DAL;C:\Program Files\Intel\Intel(R) Management Engine Components\DAL;C:\Program Files (x86)\Intel\Intel(R) Management Engine Components\IPT;C:\Program Files\Intel\Intel(R) Management Engine Components\IPT;C:\WINDOWS\system32;C:\WINDOWS;C:\WINDOWS\System32\Wbem;C:\WINDOWS\System32\WindowsPowerShell\v1.0\;C:\WINDOWS\System32\OpenSSH\;C:\Program Files\dotnet\;C:\Program Files\Microsoft SQL Server\130\Tools\Binn\;C:\Program Files\Microsoft SQL Server\Client SDK\ODBC\170\Tools\Binn\;C:\Program Files (x86)\Microsoft SQL Server\150\DTS\Binn\;C:\Program Files (x86)\Microsoft SQL Server\150\Tools\Binn\;C:\Program Files\Microsoft SQL Server\150\Tools\Binn\;C:\Program Files\Microsoft SQL Server\150\DTS\Binn\;C:\Users\nils-\AppData\Local\Microsoft\WindowsApps;;C:\Users\nils-\OneDrive\Skrivbord;
USERNAME=nils-
OS=Windows_NT
PROCESSOR_IDENTIFIER=Intel64 Family 6 Model 158 Stepping 9, GenuineIntel



---------------  S Y S T E M  ---------------

OS: Windows 10.0 , 64 bit Build 18362 (10.0.18362.778)

CPU:total 4 (initial active 4) (2 cores per cpu, 2 threads per core) family 6 model 158 stepping 9, cmov, cx8, fxsr, mmx, sse, sse2, sse3, ssse3, sse4.1, sse4.2, popcnt, avx, avx2, aes, clmul, erms, 3dnowpref, lzcnt, ht, tsc, tscinvbit, bmi1, bmi2, adx

Memory: 4k page, physical 8297172k(2971212k free), swap 18990976k(10006980k free)

vm_info: Java HotSpot(TM) 64-Bit Server VM (25.251-b08) for windows-amd64 JRE (1.8.0_251-b08), built on Mar 12 2020 06:31:49 by "" with MS VC++ 10.0 (VS2010)

time: Tue May 26 09:14:51 2020
timezone: W. Europe Daylight Time
elapsed time: 1 seconds (0d 0h 0m 1s)

