#
# A fatal error has been detected by the Java Runtime Environment:
#
#  EXCEPTION_ACCESS_VIOLATION (0xc0000005) at pc=0x00007ffca7fe8510, pid=15228, tid=0x0000000000003a74
#
# JRE version: Java(TM) SE Runtime Environment (8.0_251-b08) (build 1.8.0_251-b08)
# Java VM: Java HotSpot(TM) 64-Bit Server VM (25.251-b08 mixed mode windows-amd64 compressed oops)
# Problematic frame:
# C  [nvoglv64.dll+0xfe8510]
#
# Failed to write core dump. Minidumps are not enabled by default on client versions of Windows
#
# If you would like to submit a bug report, please visit:
#   http://bugreport.java.com/bugreport/crash.jsp
# The crash happened outside the Java Virtual Machine in native code.
# See problematic frame for where to report the bug.
#

---------------  T H R E A D  ---------------

Current thread (0x0000000002466800):  JavaThread "main" [_thread_in_native, id=14964, stack(0x0000000002360000,0x0000000002460000)]

siginfo: ExceptionCode=0xc0000005, reading address 0x0000000000000000

Registers:
RAX=0x0000000000022006, RBX=0x000000001c398760, RCX=0x000000001c39877c, RDX=0x0000000000000000
RSP=0x000000000245eff8, RBP=0x0000000000000044, RSI=0x0000000000000006, RDI=0x000000001bc45080
R8 =0x0000000000000018, R9 =0x000000001c398760, R10=0x0000000000000000, R11=0x000000001c39877c
R12=0x0000000000000006, R13=0x0000000000001405, R14=0x0000000000000000, R15=0x0000000002466800
RIP=0x00007ffca7fe8510, EFLAGS=0x0000000000010283

Top of Stack: (sp=0x000000000245eff8)
0x000000000245eff8:   00007ffca76c40ac 000000000235ea90
0x000000000245f008:   0000000053d6c4a6 000000000245f668
0x000000000245f018:   000000000235eb30 00000000000003d8
0x000000000245f028:   000000000235eb40 0000000023449f50
0x000000000245f038:   0000000002466800 0000000023449f50
0x000000000245f048:   0000000002466800 000000000256835d
0x000000000245f058:   0000000002578ad7 000000000245f160
0x000000000245f068:   0000000023449f50 0000000000000000
0x000000000245f078:   000000000256835d 0000000000000108
0x000000000245f088:   0000000002578c67 000000000245f120
0x000000000245f098:   0000000000000018 0000000002466800
0x000000000245f0a8:   0000000023449f50 0000000000001405
0x000000000245f0b8:   0000000000000000 0000000000000108
0x000000000245f0c8:   0000000002466800 000000000245f1d8
0x000000000245f0d8:   0000000002578962 000000000245f0e0
0x000000000245f0e8:   0000000023449f50 000000000245f160 

Instructions: (pc=0x00007ffca7fe8510)
0x00007ffca7fe84f0:   dc 02 00 00 49 81 f8 80 00 00 00 0f 86 0f 02 00
0x00007ffca7fe8500:   00 f6 05 58 14 5a 01 02 0f 84 52 01 00 00 eb a0
0x00007ffca7fe8510:   0f 10 02 42 0f 10 4c 02 f0 0f 11 01 42 0f 11 4c
0x00007ffca7fe8520:   01 f0 48 8b c1 c3 66 66 0f 1f 84 00 00 00 00 00 


Register to memory mapping:

RAX=0x0000000000022006 is an unknown value
RBX=0x000000001c398760 is an unknown value
RCX=0x000000001c39877c is an unknown value
RDX=0x0000000000000000 is an unknown value
RSP=0x000000000245eff8 is pointing into the stack for thread: 0x0000000002466800
RBP=0x0000000000000044 is an unknown value
RSI=0x0000000000000006 is an unknown value
RDI=0x000000001bc45080 is an unknown value
R8 =0x0000000000000018 is an unknown value
R9 =0x000000001c398760 is an unknown value
R10=0x0000000000000000 is an unknown value
R11=0x000000001c39877c is an unknown value
R12=0x0000000000000006 is an unknown value
R13=0x0000000000001405 is an unknown value
R14=0x0000000000000000 is an unknown value
R15=0x0000000002466800 is a thread


Stack: [0x0000000002360000,0x0000000002460000],  sp=0x000000000245eff8,  free space=1019k
Native frames: (J=compiled Java code, j=interpreted, Vv=VM code, C=native code)
C  [nvoglv64.dll+0xfe8510]
C  [nvoglv64.dll+0x6c40ac]
C  0x0000000002578c67

Java frames: (J=compiled Java code, j=interpreted, Vv=VM code)
j  org.lwjgl.opengl.GL11C.nglDrawElements(IIIJ)V+0
j  org.lwjgl.opengl.GL11C.glDrawElements(IIIJ)V+4
j  org.lwjgl.opengl.GL11.glDrawElements(IIIJ)V+4
j  niles.lwjgl.shadows.ShadowModel.render()V+50
j  testing.testing3.update()V+11
j  niles.lwjgl.loop.Game.loop()V+30
j  niles.lwjgl.loop.Game.<init>()V+59
j  testing.testing3.<init>()V+1
j  testing.testing3.main([Ljava/lang/String;)V+3
v  ~StubRoutines::call_stub

---------------  P R O C E S S  ---------------

Java Threads: ( => current thread )
  0x0000000018a58800 JavaThread "Service Thread" daemon [_thread_blocked, id=4756, stack(0x0000000018e30000,0x0000000018f30000)]
  0x00000000170d2000 JavaThread "C1 CompilerThread2" daemon [_thread_blocked, id=24180, stack(0x0000000018930000,0x0000000018a30000)]
  0x00000000170cd800 JavaThread "C2 CompilerThread1" daemon [_thread_in_native, id=13624, stack(0x0000000018830000,0x0000000018930000)]
  0x00000000170c5000 JavaThread "C2 CompilerThread0" daemon [_thread_blocked, id=9200, stack(0x0000000018730000,0x0000000018830000)]
  0x00000000170c3000 JavaThread "Attach Listener" daemon [_thread_blocked, id=13284, stack(0x0000000018630000,0x0000000018730000)]
  0x00000000170bf800 JavaThread "Signal Dispatcher" daemon [_thread_blocked, id=14352, stack(0x0000000018530000,0x0000000018630000)]
  0x00000000170ac000 JavaThread "Finalizer" daemon [_thread_blocked, id=26472, stack(0x0000000018330000,0x0000000018430000)]
  0x0000000002556000 JavaThread "Reference Handler" daemon [_thread_blocked, id=17684, stack(0x0000000018230000,0x0000000018330000)]
=>0x0000000002466800 JavaThread "main" [_thread_in_native, id=14964, stack(0x0000000002360000,0x0000000002460000)]

Other Threads:
  0x0000000017087800 VMThread [stack: 0x0000000018130000,0x0000000018230000] [id=12144]
  0x000000001711d800 WatcherThread [stack: 0x0000000018f30000,0x0000000019030000] [id=30280]

VM state:not at safepoint (normal execution)

VM Mutex/Monitor currently owned by a thread: None

heap address: 0x0000000081600000, size: 2026 MB, Compressed Oops mode: 32-bit
Narrow klass base: 0x0000000000000000, Narrow klass shift: 3
Compressed class space size: 1073741824 Address: 0x0000000100000000

Heap:
 PSYoungGen      total 38400K, used 26667K [0x00000000d5d00000, 0x00000000d8780000, 0x0000000100000000)
  eden space 33280K, 80% used [0x00000000d5d00000,0x00000000d770ac88,0x00000000d7d80000)
  from space 5120K, 0% used [0x00000000d8280000,0x00000000d8280000,0x00000000d8780000)
  to   space 5120K, 0% used [0x00000000d7d80000,0x00000000d7d80000,0x00000000d8280000)
 ParOldGen       total 87552K, used 0K [0x0000000081600000, 0x0000000086b80000, 0x00000000d5d00000)
  object space 87552K, 0% used [0x0000000081600000,0x0000000081600000,0x0000000086b80000)
 Metaspace       used 9570K, capacity 9797K, committed 9856K, reserved 1058816K
  class space    used 768K, capacity 871K, committed 896K, reserved 1048576K

Card table byte_map: [0x0000000011920000,0x0000000011d20000] byte_map_base: 0x0000000011515000

Marking Bits: (ParMarkBitMap*) 0x00000000544daf90
 Begin Bits: [0x00000000123d0000, 0x0000000014378000)
 End Bits:   [0x0000000014378000, 0x0000000016320000)

Polling page: 0x0000000000930000

CodeCache: size=245760Kb used=3217Kb max_used=3217Kb free=242542Kb
 bounds [0x0000000002560000, 0x0000000002890000, 0x0000000011560000]
 total_blobs=1656 nmethods=730 adapters=839
 compilation: enabled

Compilation events (10 events):
Event: 1.435 Thread 0x00000000170d2000  727       3       java.lang.invoke.MemberName$Factory::resolveOrFail (52 bytes)
Event: 1.435 Thread 0x00000000170d2000 nmethod 727 0x0000000002881c90 code [0x0000000002881e60, 0x0000000002882738]
Event: 1.437 Thread 0x00000000170d2000  728       1       sun.nio.cs.SingleByte$Decoder::decode (11 bytes)
Event: 1.437 Thread 0x00000000170d2000 nmethod 728 0x0000000002882a50 code [0x0000000002882ba0, 0x0000000002882cf0]
Event: 1.440 Thread 0x00000000170d2000  729       3       java.nio.Buffer::<init> (121 bytes)
Event: 1.441 Thread 0x00000000170d2000 nmethod 729 0x0000000002882dd0 code [0x00000000028830a0, 0x0000000002884528]
Event: 1.441 Thread 0x00000000170d2000  730       3       java.nio.ByteBuffer::hasArray (20 bytes)
Event: 1.441 Thread 0x00000000170d2000 nmethod 730 0x0000000002884e90 code [0x0000000002884fe0, 0x00000000028851d0]
Event: 1.441 Thread 0x00000000170d2000  731       3       java.nio.CharBuffer::hasArray (20 bytes)
Event: 1.441 Thread 0x00000000170d2000 nmethod 731 0x0000000002885250 code [0x00000000028853a0, 0x0000000002885590]

GC Heap History (0 events):
No events

Deoptimization events (1 events):
Event: 0.177 Thread 0x0000000002466800 Uncommon trap: reason=unstable_if action=reinterpret pc=0x00000000026644b8 method=java.lang.String.hashCode()I @ 14

Classes redefined (0 events):
No events

Internal exceptions (10 events):
Event: 0.501 Thread 0x0000000002466800 Exception <a 'sun/nio/fs/WindowsException'> (0x00000000d65fe280) thrown at [C:\jenkins\workspace\8-2-build-windows-amd64-cygwin\jdk8u251\737\hotspot\src\share\vm\prims\jni.cpp, line 710]
Event: 0.502 Thread 0x0000000002466800 Exception <a 'sun/nio/fs/WindowsException'> (0x00000000d65feb28) thrown at [C:\jenkins\workspace\8-2-build-windows-amd64-cygwin\jdk8u251\737\hotspot\src\share\vm\prims\jni.cpp, line 710]
Event: 0.516 Thread 0x0000000002466800 Exception <a 'sun/nio/fs/WindowsException'> (0x00000000d6643630) thrown at [C:\jenkins\workspace\8-2-build-windows-amd64-cygwin\jdk8u251\737\hotspot\src\share\vm\prims\jni.cpp, line 710]
Event: 0.516 Thread 0x0000000002466800 Exception <a 'sun/nio/fs/WindowsException'> (0x00000000d6643d10) thrown at [C:\jenkins\workspace\8-2-build-windows-amd64-cygwin\jdk8u251\737\hotspot\src\share\vm\prims\jni.cpp, line 710]
Event: 1.081 Thread 0x0000000002466800 Exception <a 'sun/nio/fs/WindowsException'> (0x00000000d6832498) thrown at [C:\jenkins\workspace\8-2-build-windows-amd64-cygwin\jdk8u251\737\hotspot\src\share\vm\prims\jni.cpp, line 710]
Event: 1.081 Thread 0x0000000002466800 Exception <a 'sun/nio/fs/WindowsException'> (0x00000000d6832bd8) thrown at [C:\jenkins\workspace\8-2-build-windows-amd64-cygwin\jdk8u251\737\hotspot\src\share\vm\prims\jni.cpp, line 710]
Event: 1.092 Thread 0x0000000002466800 Exception <a 'sun/nio/fs/WindowsException'> (0x00000000d684b508) thrown at [C:\jenkins\workspace\8-2-build-windows-amd64-cygwin\jdk8u251\737\hotspot\src\share\vm\prims\jni.cpp, line 710]
Event: 1.092 Thread 0x0000000002466800 Exception <a 'sun/nio/fs/WindowsException'> (0x00000000d684bb00) thrown at [C:\jenkins\workspace\8-2-build-windows-amd64-cygwin\jdk8u251\737\hotspot\src\share\vm\prims\jni.cpp, line 710]
Event: 1.148 Thread 0x0000000002466800 Exception <a 'sun/nio/fs/WindowsException'> (0x00000000d6a23210) thrown at [C:\jenkins\workspace\8-2-build-windows-amd64-cygwin\jdk8u251\737\hotspot\src\share\vm\prims\jni.cpp, line 710]
Event: 1.148 Thread 0x0000000002466800 Exception <a 'sun/nio/fs/WindowsException'> (0x00000000d6a23940) thrown at [C:\jenkins\workspace\8-2-build-windows-amd64-cygwin\jdk8u251\737\hotspot\src\share\vm\prims\jni.cpp, line 710]

Events (10 events):
Event: 1.432 loading class org/lwjgl/opengl/GL13C
Event: 1.432 loading class org/lwjgl/opengl/GL13C done
Event: 1.432 loading class org/lwjgl/opengl/GL12C
Event: 1.432 loading class org/lwjgl/opengl/GL12C done
Event: 1.435 loading class org/lwjgl/system/APIUtil$Encoder
Event: 1.435 loading class org/lwjgl/system/APIUtil$Encoder done
Event: 1.435 loading class org/lwjgl/system/APIUtil$Encoder
Event: 1.435 loading class org/lwjgl/system/APIUtil$Encoder done
Event: 1.441 loading class niles/lwjgl/shadows/ShadowModel
Event: 1.441 loading class niles/lwjgl/shadows/ShadowModel done


Dynamic libraries:
0x00007ff6057d0000 - 0x00007ff605807000 	C:\Program Files\Java\jre1.8.0_251\bin\javaw.exe
0x00007ffd053c0000 - 0x00007ffd055b0000 	C:\WINDOWS\SYSTEM32\ntdll.dll
0x00007ffd036f0000 - 0x00007ffd037a2000 	C:\WINDOWS\System32\KERNEL32.DLL
0x00007ffd031c0000 - 0x00007ffd03464000 	C:\WINDOWS\System32\KERNELBASE.dll
0x00007ffd05010000 - 0x00007ffd050b3000 	C:\WINDOWS\System32\ADVAPI32.dll
0x00007ffd03ee0000 - 0x00007ffd03f7e000 	C:\WINDOWS\System32\msvcrt.dll
0x00007ffd03dc0000 - 0x00007ffd03e57000 	C:\WINDOWS\System32\sechost.dll
0x00007ffd05160000 - 0x00007ffd05280000 	C:\WINDOWS\System32\RPCRT4.dll
0x00007ffd037b0000 - 0x00007ffd03944000 	C:\WINDOWS\System32\USER32.dll
0x00007ffd02e40000 - 0x00007ffd02e61000 	C:\WINDOWS\System32\win32u.dll
0x00007ffd050c0000 - 0x00007ffd050e6000 	C:\WINDOWS\System32\GDI32.dll
0x00007ffd02fc0000 - 0x00007ffd03154000 	C:\WINDOWS\System32\gdi32full.dll
0x00007ffd02cd0000 - 0x00007ffd02d6e000 	C:\WINDOWS\System32\msvcp_win.dll
0x00007ffd02350000 - 0x00007ffd0244a000 	C:\WINDOWS\System32\ucrtbase.dll
0x00007ffcf9750000 - 0x00007ffcf99d4000 	C:\WINDOWS\WinSxS\amd64_microsoft.windows.common-controls_6595b64144ccf1df_6.0.18362.836_none_e6c4b943130f18ed\COMCTL32.dll
0x00007ffd03950000 - 0x00007ffd03c86000 	C:\WINDOWS\System32\combase.dll
0x00007ffd02d70000 - 0x00007ffd02df0000 	C:\WINDOWS\System32\bcryptPrimitives.dll
0x00007ffd05280000 - 0x00007ffd052ae000 	C:\WINDOWS\System32\IMM32.DLL
0x0000000054740000 - 0x0000000054812000 	C:\Program Files\Java\jre1.8.0_251\bin\msvcr100.dll
0x0000000053cb0000 - 0x000000005455b000 	C:\Program Files\Java\jre1.8.0_251\bin\server\jvm.dll
0x00007ffd05000000 - 0x00007ffd05008000 	C:\WINDOWS\System32\PSAPI.DLL
0x00007ffcfed20000 - 0x00007ffcfed44000 	C:\WINDOWS\SYSTEM32\WINMM.dll
0x00007ffcfcc30000 - 0x00007ffcfcc3a000 	C:\WINDOWS\SYSTEM32\VERSION.dll
0x00007ffcfecf0000 - 0x00007ffcfed1d000 	C:\WINDOWS\SYSTEM32\WINMMBASE.dll
0x00007ffd02df0000 - 0x00007ffd02e3a000 	C:\WINDOWS\System32\cfgmgr32.dll
0x00007ffcffd90000 - 0x00007ffcffd99000 	C:\WINDOWS\SYSTEM32\WSOCK32.dll
0x00007ffd04a70000 - 0x00007ffd04adf000 	C:\WINDOWS\System32\WS2_32.dll
0x00007ffcffd80000 - 0x00007ffcffd8f000 	C:\Program Files\Java\jre1.8.0_251\bin\verify.dll
0x00007ffcf88a0000 - 0x00007ffcf88c9000 	C:\Program Files\Java\jre1.8.0_251\bin\java.dll
0x00007ffcfd4b0000 - 0x00007ffcfd4c6000 	C:\Program Files\Java\jre1.8.0_251\bin\zip.dll
0x00007ffd04140000 - 0x00007ffd04824000 	C:\WINDOWS\System32\SHELL32.dll
0x00007ffd04850000 - 0x00007ffd048f9000 	C:\WINDOWS\System32\shcore.dll
0x00007ffd02470000 - 0x00007ffd02bee000 	C:\WINDOWS\System32\windows.storage.dll
0x00007ffd02300000 - 0x00007ffd02323000 	C:\WINDOWS\System32\profapi.dll
0x00007ffd022b0000 - 0x00007ffd022fa000 	C:\WINDOWS\System32\powrprof.dll
0x00007ffd02280000 - 0x00007ffd02290000 	C:\WINDOWS\System32\UMPDC.dll
0x00007ffd03d60000 - 0x00007ffd03db2000 	C:\WINDOWS\System32\shlwapi.dll
0x00007ffd02290000 - 0x00007ffd022a1000 	C:\WINDOWS\System32\kernel.appcore.dll
0x00007ffd02450000 - 0x00007ffd02467000 	C:\WINDOWS\System32\cryptsp.dll
0x00007ffcfd290000 - 0x00007ffcfd2aa000 	C:\Program Files\Java\jre1.8.0_251\bin\net.dll
0x00007ffd01a90000 - 0x00007ffd01af7000 	C:\WINDOWS\system32\mswsock.dll
0x00007ffcfb250000 - 0x00007ffcfb262000 	C:\Program Files\Java\jre1.8.0_251\bin\nio.dll
0x00007ffcf0cb0000 - 0x00007ffcf0d14000 	C:\Users\nils-\AppData\Local\Temp\lwjglnils-\3.2.3-build-13\lwjgl.dll
0x00007ffcf0ae0000 - 0x00007ffcf0b42000 	C:\Users\nils-\AppData\Local\Temp\lwjglnils-\3.2.3-build-13\glfw.dll
0x00007ffd00610000 - 0x00007ffd006a9000 	C:\WINDOWS\system32\uxtheme.dll
0x00007ffcf79a0000 - 0x00007ffcf79e3000 	C:\WINDOWS\SYSTEM32\dinput8.dll
0x00007ffcf8860000 - 0x00007ffcf8871000 	C:\WINDOWS\SYSTEM32\xinput1_4.dll
0x00007ffd02040000 - 0x00007ffd0206a000 	C:\WINDOWS\SYSTEM32\DEVOBJ.dll
0x00007ffd008f0000 - 0x00007ffd0091d000 	C:\WINDOWS\SYSTEM32\dwmapi.dll
0x00007ffcf4380000 - 0x00007ffcf449b000 	C:\WINDOWS\SYSTEM32\inputhost.dll
0x00007ffcfee20000 - 0x00007ffcfeef4000 	C:\WINDOWS\SYSTEM32\CoreMessaging.dll
0x00007ffcfcf60000 - 0x00007ffcfd28a000 	C:\WINDOWS\SYSTEM32\CoreUIComponents.dll
0x00007ffcfd570000 - 0x00007ffcfd6c3000 	C:\WINDOWS\SYSTEM32\wintypes.dll
0x00007ffd01360000 - 0x00007ffd01391000 	C:\WINDOWS\SYSTEM32\ntmarta.dll
0x00007ffcfe1b0000 - 0x00007ffcfe2a0000 	C:\WINDOWS\SYSTEM32\PROPSYS.dll
0x00007ffd052b0000 - 0x00007ffd05374000 	C:\WINDOWS\System32\OLEAUT32.dll
0x00007ffd04000000 - 0x00007ffd04136000 	C:\WINDOWS\System32\MSCTF.dll
0x00007ffd00bc0000 - 0x00007ffd00bce000 	C:\WINDOWS\SYSTEM32\HID.DLL
0x00007ffd04b90000 - 0x00007ffd05000000 	C:\WINDOWS\System32\SETUPAPI.DLL
0x00007ffd02bf0000 - 0x00007ffd02c16000 	C:\WINDOWS\System32\bcrypt.dll
0x00007ffd03160000 - 0x00007ffd031bc000 	C:\WINDOWS\System32\WINTRUST.dll
0x00007ffd02330000 - 0x00007ffd02342000 	C:\WINDOWS\System32\MSASN1.dll
0x00007ffd02e70000 - 0x00007ffd02fb9000 	C:\WINDOWS\System32\CRYPT32.dll
0x00007ffcf2420000 - 0x00007ffcf2576000 	C:\WINDOWS\SYSTEM32\opengl32.dll
0x00007ffcfb070000 - 0x00007ffcfb09c000 	C:\WINDOWS\SYSTEM32\GLU32.dll
0x00007ffd00ef0000 - 0x00007ffd00f10000 	C:\WINDOWS\SYSTEM32\dxcore.dll
0x00007ffca7000000 - 0x00007ffca9724000 	C:\WINDOWS\System32\DriverStore\FileRepository\nvlei.inf_amd64_1f32a21f6762787e\nvoglv64.dll
0x00007ffd04900000 - 0x00007ffd04a57000 	C:\WINDOWS\System32\ole32.dll
0x00007ffcfe180000 - 0x00007ffcfe193000 	C:\WINDOWS\SYSTEM32\WTSAPI32.dll
0x00007ffce8ec0000 - 0x00007ffce9126000 	C:\WINDOWS\system32\nvspcap64.dll
0x00007ffd02070000 - 0x00007ffd020c6000 	C:\WINDOWS\SYSTEM32\WINSTA.dll
0x00007ffcfd340000 - 0x00007ffcfd3de000 	C:\WINDOWS\System32\TextInputFramework.dll
0x00007ffcf12f0000 - 0x00007ffcf1596000 	C:\WINDOWS\System32\iertutil.dll
0x00007ffcf39c0000 - 0x00007ffcf3a19000 	C:\Users\nils-\AppData\Local\Temp\lwjglnils-\3.2.3-build-13\lwjgl_opengl.dll
0x00007ffcb40e0000 - 0x00007ffcb4333000 	C:\Users\nils-\AppData\Local\Temp\lwjglnils-\3.2.3-build-13\jemalloc.dll
0x00007ffd00cd0000 - 0x00007ffd00ec4000 	C:\WINDOWS\SYSTEM32\dbghelp.dll

VM Arguments:
jvm_args: -Dfile.encoding=Cp1252 
java_command: testing.testing3
java_class_path (initial): C:\Users\nils-\eclipse-workspace\lwjgl_library\bin;C:\Users\nils-\eclipse-workspace\lwjgl_library\lib\lwjgl-assimp-javadoc.jar;C:\Users\nils-\eclipse-workspace\lwjgl_library\lib\lwjgl-assimp-natives-windows.jar;C:\Users\nils-\eclipse-workspace\lwjgl_library\lib\lwjgl-assimp-sources.jar;C:\Users\nils-\eclipse-workspace\lwjgl_library\lib\lwjgl-assimp.jar;C:\Users\nils-\eclipse-workspace\lwjgl_library\lib\lwjgl-bgfx-javadoc.jar;C:\Users\nils-\eclipse-workspace\lwjgl_library\lib\lwjgl-bgfx-natives-windows.jar;C:\Users\nils-\eclipse-workspace\lwjgl_library\lib\lwjgl-bgfx-sources.jar;C:\Users\nils-\eclipse-workspace\lwjgl_library\lib\lwjgl-bgfx.jar;C:\Users\nils-\eclipse-workspace\lwjgl_library\lib\lwjgl-cuda-javadoc.jar;C:\Users\nils-\eclipse-workspace\lwjgl_library\lib\lwjgl-cuda-sources.jar;C:\Users\nils-\eclipse-workspace\lwjgl_library\lib\lwjgl-cuda.jar;C:\Users\nils-\eclipse-workspace\lwjgl_library\lib\lwjgl-egl-javadoc.jar;C:\Users\nils-\eclipse-workspace\lwjgl_library\lib\lwjgl-egl-sources.jar;C:\Users\nils-\eclipse-workspace\lwjgl_library\lib\lwjgl-egl.jar;C:\Users\nils-\eclipse-workspace\lwjgl_library\lib\lwjgl-glfw-javadoc.jar;C:\Users\nils-\eclipse-workspace\lwjgl_library\lib\lwjgl-glfw-natives-windows.jar;C:\Users\nils-\eclipse-workspace\lwjgl_library\lib\lwjgl-glfw-sources.jar;C:\Users\nils-\eclipse-workspace\lwjgl_library\lib\lwjgl-glfw.jar;C:\Users\nils-\eclipse-workspace\lwjgl_library\lib\lwjgl-javadoc.jar;C:\Users\nils-\eclipse-workspace\lwjgl_library\lib\lwjgl-jawt-javadoc.jar;C:\Users\nils-\eclipse-workspace\lwjgl_library\lib\lwjgl-jawt-sources.jar;C:\Users\nils-\eclipse-workspace\lwjgl_library\lib\lwjgl-jawt.jar;C:\Users\nils-\eclipse-workspace\lwjgl_library\lib\lwjgl-jemalloc-javadoc.jar;C:\Users\nils-\eclipse-workspace\lwjgl_library\lib\lwjgl-jemalloc-natives-windows.jar;C:\Users\nils-\eclipse-workspace\lwjgl_library\lib\lwjgl-jemalloc-sources.jar;C:\Users\nils-\eclipse-workspace\lwjgl_library\lib\lwjgl-jemalloc.jar;C:\U
Launcher Type: SUN_STANDARD

Environment Variables:
PATH=C:/Program Files/Java/jre1.8.0_251/bin/server;C:/Program Files/Java/jre1.8.0_251/bin;C:/Program Files/Java/jre1.8.0_251/lib/amd64;C:\Program Files (x86)\Common Files\Oracle\Java\javapath;C:\Program Files (x86)\Intel\iCLS Client\;C:\Program Files\Intel\iCLS Client\;C:\Windows\system32;C:\Windows;C:\Windows\System32\Wbem;C:\Windows\System32\WindowsPowerShell\v1.0\;C:\Program Files (x86)\NVIDIA Corporation\PhysX\Common;C:\Program Files (x86)\Intel\Intel(R) Management Engine Components\DAL;C:\Program Files\Intel\Intel(R) Management Engine Components\DAL;C:\Program Files (x86)\Intel\Intel(R) Management Engine Components\IPT;C:\Program Files\Intel\Intel(R) Management Engine Components\IPT;C:\WINDOWS\system32;C:\WINDOWS;C:\WINDOWS\System32\Wbem;C:\WINDOWS\System32\WindowsPowerShell\v1.0\;C:\WINDOWS\System32\OpenSSH\;C:\Program Files\dotnet\;C:\Program Files\Microsoft SQL Server\130\Tools\Binn\;C:\Program Files\Microsoft SQL Server\Client SDK\ODBC\170\Tools\Binn\;C:\Program Files (x86)\Microsoft SQL Server\150\DTS\Binn\;C:\Program Files (x86)\Microsoft SQL Server\150\Tools\Binn\;C:\Program Files\Microsoft SQL Server\150\Tools\Binn\;C:\Program Files\Microsoft SQL Server\150\DTS\Binn\;C:\Users\nils-\AppData\Local\Microsoft\WindowsApps;;C:\Users\nils-\OneDrive\Skrivbord;
USERNAME=nils-
OS=Windows_NT
PROCESSOR_IDENTIFIER=Intel64 Family 6 Model 158 Stepping 9, GenuineIntel



---------------  S Y S T E M  ---------------

OS: Windows 10.0 , 64 bit Build 18362 (10.0.18362.778)

CPU:total 4 (initial active 4) (2 cores per cpu, 2 threads per core) family 6 model 158 stepping 9, cmov, cx8, fxsr, mmx, sse, sse2, sse3, ssse3, sse4.1, sse4.2, popcnt, avx, avx2, aes, clmul, erms, 3dnowpref, lzcnt, ht, tsc, tscinvbit, bmi1, bmi2, adx

Memory: 4k page, physical 8297172k(3267884k free), swap 18990976k(10951356k free)

vm_info: Java HotSpot(TM) 64-Bit Server VM (25.251-b08) for windows-amd64 JRE (1.8.0_251-b08), built on Mar 12 2020 06:31:49 by "" with MS VC++ 10.0 (VS2010)

time: Tue May 26 08:58:27 2020
timezone: W. Europe Daylight Time
elapsed time: 1 seconds (0d 0h 0m 1s)

