#
# A fatal error has been detected by the Java Runtime Environment:
#
#  EXCEPTION_ACCESS_VIOLATION (0xc0000005) at pc=0x00000000232fff20, pid=21040, tid=0x0000000000005040
#
# JRE version: Java(TM) SE Runtime Environment (8.0_251-b08) (build 1.8.0_251-b08)
# Java VM: Java HotSpot(TM) 64-Bit Server VM (25.251-b08 mixed mode windows-amd64 compressed oops)
# Problematic frame:
# C  0x00000000232fff20
#
# Failed to write core dump. Minidumps are not enabled by default on client versions of Windows
#
# If you would like to submit a bug report, please visit:
#   http://bugreport.java.com/bugreport/crash.jsp
#

---------------  T H R E A D  ---------------

Current thread is native thread

siginfo: ExceptionCode=0xc0000005, reading address 0x0000000000000000

Registers:
RAX=0x000000001ecd3660, RBX=0x0000000020c40000, RCX=0x0000000000000000, RDX=0x000000001c9657c4
RSP=0x000000001be8e140, RBP=0x000000001c9657f0, RSI=0x0000000000000000, RDI=0x0000000000000000
R8 =0x000000001c9657c0, R9 =0x000000000000000c, R10=0x0000000020cc28b0, R11=0x000000001c9657f0
R12=0x000000000000000c, R13=0x0000000000000150, R14=0x0000000000000000, R15=0x000000001ecd3660
RIP=0x00000000232fff20, EFLAGS=0x0000000000010246

Top of Stack: (sp=0x000000001be8e140)
0x000000001be8e140:   00000000042257b0 000000001c79a400
0x000000001be8e150:   000000000000000c 0000000000000000
0x000000001be8e160:   0000000020c40000 00007ffc96a86418
0x000000001be8e170:   0000000000000150 0000000020c40000
0x000000001be8e180:   000000000000000c 0000000000000150
0x000000001be8e190:   0000000000000000 0000000000000000
0x000000001be8e1a0:   0000000000000000 0000000000000000
0x000000001be8e1b0:   0000000000000000 000000001ecd3660
0x000000001be8e1c0:   0000000000000000 0000000000000000
0x000000001be8e1d0:   000000001c9657c0 000000000000000c
0x000000001be8e1e0:   00000000232ffec0 0000000020c9bb30
0x000000001be8e1f0:   0000000000000000 000000001c79a400
0x000000001be8e200:   0000000000000000 0000000000000000
0x000000001be8e210:   0000000000000008 0000000000000000
0x000000001be8e220:   000000001be8e370 00007ffd03218a85
0x000000001be8e230:   0000000000000002 0000000000000001 

Instructions: (pc=0x00000000232fff20)
0x00000000232fff00:   08 c6 c9 20 00 00 00 00 48 8b 36 48 8b b6 08 03
0x00000000232fff10:   00 00 48 8b f9 48 c1 e7 03 48 2b f9 48 8d 34 be
0x00000000232fff20:   8b 3e 8b 6e 04 89 38 89 68 04 8b 7e 08 89 78 08
0x00000000232fff30:   48 be 08 c6 c9 20 00 00 00 00 48 8b 36 48 8b b6 


Register to memory mapping:

RAX=0x000000001ecd3660 is an unknown value
RBX=0x0000000020c40000 is an unknown value
RCX=0x0000000000000000 is an unknown value
RDX=0x000000001c9657c4 is an unknown value
RSP=0x000000001be8e140 is an unknown value
RBP=0x000000001c9657f0 is an unknown value
RSI=0x0000000000000000 is an unknown value
RDI=0x0000000000000000 is an unknown value
R8 =0x000000001c9657c0 is an unknown value
R9 =0x000000000000000c is an unknown value
R10=0x0000000020cc28b0 is an unknown value
R11=0x000000001c9657f0 is an unknown value
R12=0x000000000000000c is an unknown value
R13=0x0000000000000150 is an unknown value
R14=0x0000000000000000 is an unknown value
R15=0x000000001ecd3660 is an unknown value


Stack: [0x000000001bd90000,0x000000001be90000],  sp=0x000000001be8e140,  free space=1016k
Native frames: (J=compiled Java code, j=interpreted, Vv=VM code, C=native code)
C  0x00000000232fff20


---------------  P R O C E S S  ---------------

VM state:not at safepoint (normal execution)

VM Mutex/Monitor currently owned by a thread: None

heap address: 0x0000000081600000, size: 2026 MB, Compressed Oops mode: 32-bit
Narrow klass base: 0x0000000000000000, Narrow klass shift: 3
Compressed class space size: 1073741824 Address: 0x0000000100000000

Heap:
 PSYoungGen      total 38400K, used 26681K [0x00000000d5d00000, 0x00000000d8780000, 0x0000000100000000)
  eden space 33280K, 80% used [0x00000000d5d00000,0x00000000d770e538,0x00000000d7d80000)
  from space 5120K, 0% used [0x00000000d8280000,0x00000000d8280000,0x00000000d8780000)
  to   space 5120K, 0% used [0x00000000d7d80000,0x00000000d7d80000,0x00000000d8280000)
 ParOldGen       total 87552K, used 0K [0x0000000081600000, 0x0000000086b80000, 0x00000000d5d00000)
  object space 87552K, 0% used [0x0000000081600000,0x0000000081600000,0x0000000086b80000)
 Metaspace       used 9587K, capacity 9797K, committed 9856K, reserved 1058816K
  class space    used 771K, capacity 871K, committed 896K, reserved 1048576K

Card table byte_map: [0x0000000011db0000,0x00000000121b0000] byte_map_base: 0x00000000119a5000

Marking Bits: (ParMarkBitMap*) 0x00000000544daf90
 Begin Bits: [0x0000000012860000, 0x0000000014808000)
 End Bits:   [0x0000000014808000, 0x00000000167b0000)

Polling page: 0x0000000000dc0000

CodeCache: size=245760Kb used=3186Kb max_used=3186Kb free=242573Kb
 bounds [0x00000000029f0000, 0x0000000002d10000, 0x00000000119f0000]
 total_blobs=1653 nmethods=727 adapters=839
 compilation: enabled

Compilation events (10 events):
Event: 1.377 Thread 0x0000000017562800 nmethod 723 0x0000000002d0a310 code [0x0000000002d0a460, 0x0000000002d0a5b0]
Event: 1.380 Thread 0x0000000017562800  724       3       java.nio.Buffer::<init> (121 bytes)
Event: 1.380 Thread 0x0000000017562800 nmethod 724 0x0000000002d0a690 code [0x0000000002d0a960, 0x0000000002d0bde8]
Event: 1.380 Thread 0x0000000017562800  725       3       java.nio.ByteBuffer::hasArray (20 bytes)
Event: 1.381 Thread 0x0000000017562800 nmethod 725 0x0000000002d0c750 code [0x0000000002d0c8a0, 0x0000000002d0ca90]
Event: 1.381 Thread 0x0000000017562800  726       3       java.nio.CharBuffer::hasArray (20 bytes)
Event: 1.381 Thread 0x0000000017562800 nmethod 726 0x0000000002d0cb10 code [0x0000000002d0cc60, 0x0000000002d0ce50]
Event: 1.394 Thread 0x0000000017562800  727       3       niles.lwjgl.world.Window::getWindow (5 bytes)
Event: 1.394 Thread 0x0000000017562800 nmethod 727 0x0000000002d0ced0 code [0x0000000002d0d020, 0x0000000002d0d170]
Event: 1.394 Thread 0x0000000017562800  728       3       niles.lwjgl.world.Input::isDown (19 bytes)

GC Heap History (0 events):
No events

Deoptimization events (1 events):
Event: 0.113 Thread 0x00000000028f6800 Uncommon trap: reason=unstable_if action=reinterpret pc=0x0000000002af2ab8 method=java.lang.String.hashCode()I @ 14

Classes redefined (0 events):
No events

Internal exceptions (10 events):
Event: 0.413 Thread 0x00000000028f6800 Exception <a 'sun/nio/fs/WindowsException'> (0x00000000d65ffb78) thrown at [C:\jenkins\workspace\8-2-build-windows-amd64-cygwin\jdk8u251\737\hotspot\src\share\vm\prims\jni.cpp, line 710]
Event: 0.413 Thread 0x00000000028f6800 Exception <a 'sun/nio/fs/WindowsException'> (0x00000000d6600420) thrown at [C:\jenkins\workspace\8-2-build-windows-amd64-cygwin\jdk8u251\737\hotspot\src\share\vm\prims\jni.cpp, line 710]
Event: 0.430 Thread 0x00000000028f6800 Exception <a 'sun/nio/fs/WindowsException'> (0x00000000d6644f28) thrown at [C:\jenkins\workspace\8-2-build-windows-amd64-cygwin\jdk8u251\737\hotspot\src\share\vm\prims\jni.cpp, line 710]
Event: 0.430 Thread 0x00000000028f6800 Exception <a 'sun/nio/fs/WindowsException'> (0x00000000d6645608) thrown at [C:\jenkins\workspace\8-2-build-windows-amd64-cygwin\jdk8u251\737\hotspot\src\share\vm\prims\jni.cpp, line 710]
Event: 1.047 Thread 0x00000000028f6800 Exception <a 'sun/nio/fs/WindowsException'> (0x00000000d6833ed0) thrown at [C:\jenkins\workspace\8-2-build-windows-amd64-cygwin\jdk8u251\737\hotspot\src\share\vm\prims\jni.cpp, line 710]
Event: 1.047 Thread 0x00000000028f6800 Exception <a 'sun/nio/fs/WindowsException'> (0x00000000d6834610) thrown at [C:\jenkins\workspace\8-2-build-windows-amd64-cygwin\jdk8u251\737\hotspot\src\share\vm\prims\jni.cpp, line 710]
Event: 1.050 Thread 0x00000000028f6800 Exception <a 'sun/nio/fs/WindowsException'> (0x00000000d684cdf0) thrown at [C:\jenkins\workspace\8-2-build-windows-amd64-cygwin\jdk8u251\737\hotspot\src\share\vm\prims\jni.cpp, line 710]
Event: 1.050 Thread 0x00000000028f6800 Exception <a 'sun/nio/fs/WindowsException'> (0x00000000d684d3e8) thrown at [C:\jenkins\workspace\8-2-build-windows-amd64-cygwin\jdk8u251\737\hotspot\src\share\vm\prims\jni.cpp, line 710]
Event: 1.102 Thread 0x00000000028f6800 Exception <a 'sun/nio/fs/WindowsException'> (0x00000000d6a24af0) thrown at [C:\jenkins\workspace\8-2-build-windows-amd64-cygwin\jdk8u251\737\hotspot\src\share\vm\prims\jni.cpp, line 710]
Event: 1.102 Thread 0x00000000028f6800 Exception <a 'sun/nio/fs/WindowsException'> (0x00000000d6a25220) thrown at [C:\jenkins\workspace\8-2-build-windows-amd64-cygwin\jdk8u251\737\hotspot\src\share\vm\prims\jni.cpp, line 710]

Events (10 events):
Event: 1.375 loading class org/lwjgl/system/APIUtil$Encoder
Event: 1.375 loading class org/lwjgl/system/APIUtil$Encoder done
Event: 1.380 loading class niles/lwjgl/batch/Vao
Event: 1.380 loading class niles/lwjgl/batch/Vao done
Event: 1.383 loading class niles/lwjgl/batch/Rect
Event: 1.383 loading class niles/lwjgl/batch/Rect done
Event: 1.384 loading class niles/lwjgl/batch/Vertex
Event: 1.384 loading class niles/lwjgl/batch/Vertex done
Event: 1.385 loading class org/lwjgl/opengl/GL$ICDStatic$WriteOnce
Event: 1.385 loading class org/lwjgl/opengl/GL$ICDStatic$WriteOnce done


Dynamic libraries:
0x00007ff7b7ae0000 - 0x00007ff7b7b17000 	C:\Program Files\Java\jre1.8.0_251\bin\javaw.exe
0x00007ffd053c0000 - 0x00007ffd055b0000 	C:\WINDOWS\SYSTEM32\ntdll.dll
0x00007ffd036f0000 - 0x00007ffd037a2000 	C:\WINDOWS\System32\KERNEL32.DLL
0x00007ffd031c0000 - 0x00007ffd03464000 	C:\WINDOWS\System32\KERNELBASE.dll
0x00007ffd05010000 - 0x00007ffd050b3000 	C:\WINDOWS\System32\ADVAPI32.dll
0x00007ffd03ee0000 - 0x00007ffd03f7e000 	C:\WINDOWS\System32\msvcrt.dll
0x00007ffd03dc0000 - 0x00007ffd03e57000 	C:\WINDOWS\System32\sechost.dll
0x00007ffd05160000 - 0x00007ffd05280000 	C:\WINDOWS\System32\RPCRT4.dll
0x00007ffd037b0000 - 0x00007ffd03944000 	C:\WINDOWS\System32\USER32.dll
0x00007ffd02e40000 - 0x00007ffd02e61000 	C:\WINDOWS\System32\win32u.dll
0x00007ffd050c0000 - 0x00007ffd050e6000 	C:\WINDOWS\System32\GDI32.dll
0x00007ffd02fc0000 - 0x00007ffd03154000 	C:\WINDOWS\System32\gdi32full.dll
0x00007ffd02cd0000 - 0x00007ffd02d6e000 	C:\WINDOWS\System32\msvcp_win.dll
0x00007ffd02350000 - 0x00007ffd0244a000 	C:\WINDOWS\System32\ucrtbase.dll
0x00007ffcf9750000 - 0x00007ffcf99d4000 	C:\WINDOWS\WinSxS\amd64_microsoft.windows.common-controls_6595b64144ccf1df_6.0.18362.836_none_e6c4b943130f18ed\COMCTL32.dll
0x00007ffd03950000 - 0x00007ffd03c86000 	C:\WINDOWS\System32\combase.dll
0x00007ffd02d70000 - 0x00007ffd02df0000 	C:\WINDOWS\System32\bcryptPrimitives.dll
0x00007ffd05280000 - 0x00007ffd052ae000 	C:\WINDOWS\System32\IMM32.DLL
0x0000000054780000 - 0x0000000054852000 	C:\Program Files\Java\jre1.8.0_251\bin\msvcr100.dll
0x0000000053cb0000 - 0x000000005455b000 	C:\Program Files\Java\jre1.8.0_251\bin\server\jvm.dll
0x00007ffd05000000 - 0x00007ffd05008000 	C:\WINDOWS\System32\PSAPI.DLL
0x00007ffcfed20000 - 0x00007ffcfed44000 	C:\WINDOWS\SYSTEM32\WINMM.dll
0x00007ffcfcc30000 - 0x00007ffcfcc3a000 	C:\WINDOWS\SYSTEM32\VERSION.dll
0x00007ffcfecf0000 - 0x00007ffcfed1d000 	C:\WINDOWS\SYSTEM32\WINMMBASE.dll
0x00007ffd02df0000 - 0x00007ffd02e3a000 	C:\WINDOWS\System32\cfgmgr32.dll
0x00007ffcfe000000 - 0x00007ffcfe009000 	C:\WINDOWS\SYSTEM32\WSOCK32.dll
0x00007ffd04a70000 - 0x00007ffd04adf000 	C:\WINDOWS\System32\WS2_32.dll
0x00007ffcfdff0000 - 0x00007ffcfdfff000 	C:\Program Files\Java\jre1.8.0_251\bin\verify.dll
0x00007ffcf1220000 - 0x00007ffcf1249000 	C:\Program Files\Java\jre1.8.0_251\bin\java.dll
0x00007ffcf8b40000 - 0x00007ffcf8b56000 	C:\Program Files\Java\jre1.8.0_251\bin\zip.dll
0x00007ffd04140000 - 0x00007ffd04824000 	C:\WINDOWS\System32\SHELL32.dll
0x00007ffd04850000 - 0x00007ffd048f9000 	C:\WINDOWS\System32\shcore.dll
0x00007ffd02470000 - 0x00007ffd02bee000 	C:\WINDOWS\System32\windows.storage.dll
0x00007ffd02300000 - 0x00007ffd02323000 	C:\WINDOWS\System32\profapi.dll
0x00007ffd022b0000 - 0x00007ffd022fa000 	C:\WINDOWS\System32\powrprof.dll
0x00007ffd02280000 - 0x00007ffd02290000 	C:\WINDOWS\System32\UMPDC.dll
0x00007ffd03d60000 - 0x00007ffd03db2000 	C:\WINDOWS\System32\shlwapi.dll
0x00007ffd02290000 - 0x00007ffd022a1000 	C:\WINDOWS\System32\kernel.appcore.dll
0x00007ffd02450000 - 0x00007ffd02467000 	C:\WINDOWS\System32\cryptsp.dll
0x00007ffcda460000 - 0x00007ffcda47a000 	C:\Program Files\Java\jre1.8.0_251\bin\net.dll
0x00007ffd01a90000 - 0x00007ffd01af7000 	C:\WINDOWS\system32\mswsock.dll
0x00007ffcd97e0000 - 0x00007ffcd97f2000 	C:\Program Files\Java\jre1.8.0_251\bin\nio.dll
0x00007ffceae50000 - 0x00007ffceaeb4000 	C:\Users\nils-\AppData\Local\Temp\lwjglnils-\3.2.3-build-13\lwjgl.dll
0x00007ffce5800000 - 0x00007ffce5862000 	C:\Users\nils-\AppData\Local\Temp\lwjglnils-\3.2.3-build-13\glfw.dll
0x00007ffd00610000 - 0x00007ffd006a9000 	C:\WINDOWS\system32\uxtheme.dll
0x00007ffcecb10000 - 0x00007ffcecb53000 	C:\WINDOWS\SYSTEM32\dinput8.dll
0x00007ffcfeaa0000 - 0x00007ffcfeab1000 	C:\WINDOWS\SYSTEM32\xinput1_4.dll
0x00007ffd02040000 - 0x00007ffd0206a000 	C:\WINDOWS\SYSTEM32\DEVOBJ.dll
0x00007ffd008f0000 - 0x00007ffd0091d000 	C:\WINDOWS\SYSTEM32\dwmapi.dll
0x00007ffcfb290000 - 0x00007ffcfb3ab000 	C:\WINDOWS\SYSTEM32\inputhost.dll
0x00007ffcfee20000 - 0x00007ffcfeef4000 	C:\WINDOWS\SYSTEM32\CoreMessaging.dll
0x00007ffcfcf60000 - 0x00007ffcfd28a000 	C:\WINDOWS\SYSTEM32\CoreUIComponents.dll
0x00007ffcfe1b0000 - 0x00007ffcfe2a0000 	C:\WINDOWS\SYSTEM32\PROPSYS.dll
0x00007ffcfd570000 - 0x00007ffcfd6c3000 	C:\WINDOWS\SYSTEM32\wintypes.dll
0x00007ffd052b0000 - 0x00007ffd05374000 	C:\WINDOWS\System32\OLEAUT32.dll
0x00007ffd01360000 - 0x00007ffd01391000 	C:\WINDOWS\SYSTEM32\ntmarta.dll
0x00007ffd04000000 - 0x00007ffd04136000 	C:\WINDOWS\System32\MSCTF.dll
0x00007ffd00bc0000 - 0x00007ffd00bce000 	C:\WINDOWS\SYSTEM32\HID.DLL
0x00007ffd04b90000 - 0x00007ffd05000000 	C:\WINDOWS\System32\SETUPAPI.DLL
0x00007ffd02bf0000 - 0x00007ffd02c16000 	C:\WINDOWS\System32\bcrypt.dll
0x00007ffd03160000 - 0x00007ffd031bc000 	C:\WINDOWS\System32\WINTRUST.dll
0x00007ffd02330000 - 0x00007ffd02342000 	C:\WINDOWS\System32\MSASN1.dll
0x00007ffd02e70000 - 0x00007ffd02fb9000 	C:\WINDOWS\System32\CRYPT32.dll
0x00007ffcf0e40000 - 0x00007ffcf0f96000 	C:\WINDOWS\SYSTEM32\opengl32.dll
0x00007ffcf4380000 - 0x00007ffcf43ac000 	C:\WINDOWS\SYSTEM32\GLU32.dll
0x00007ffd00ef0000 - 0x00007ffd00f10000 	C:\WINDOWS\SYSTEM32\dxcore.dll
0x00007ffc95d50000 - 0x00007ffc98474000 	C:\WINDOWS\System32\DriverStore\FileRepository\nvlei.inf_amd64_1f32a21f6762787e\nvoglv64.dll
0x00007ffd04900000 - 0x00007ffd04a57000 	C:\WINDOWS\System32\ole32.dll
0x00007ffcfe180000 - 0x00007ffcfe193000 	C:\WINDOWS\SYSTEM32\WTSAPI32.dll
0x00007ffcf88a0000 - 0x00007ffcf8b06000 	C:\WINDOWS\system32\nvspcap64.dll
0x00007ffd02070000 - 0x00007ffd020c6000 	C:\WINDOWS\SYSTEM32\WINSTA.dll
0x00007ffcfefb0000 - 0x00007ffcff04e000 	C:\WINDOWS\System32\TextInputFramework.dll
0x00007ffcf12f0000 - 0x00007ffcf1596000 	C:\WINDOWS\System32\iertutil.dll
0x00007ffce57a0000 - 0x00007ffce57f9000 	C:\Users\nils-\AppData\Local\Temp\lwjglnils-\3.2.3-build-13\lwjgl_opengl.dll
0x00007ffce0080000 - 0x00007ffce02d3000 	C:\Users\nils-\AppData\Local\Temp\lwjglnils-\3.2.3-build-13\jemalloc.dll
0x00007ffd00cd0000 - 0x00007ffd00ec4000 	C:\WINDOWS\SYSTEM32\dbghelp.dll

VM Arguments:
jvm_args: -Dfile.encoding=Cp1252 
java_command: testing.Batch_testing
java_class_path (initial): C:\Users\nils-\eclipse-workspace\lwjgl_library\bin;C:\Users\nils-\eclipse-workspace\lwjgl_library\lib\lwjgl-assimp-javadoc.jar;C:\Users\nils-\eclipse-workspace\lwjgl_library\lib\lwjgl-assimp-natives-windows.jar;C:\Users\nils-\eclipse-workspace\lwjgl_library\lib\lwjgl-assimp-sources.jar;C:\Users\nils-\eclipse-workspace\lwjgl_library\lib\lwjgl-assimp.jar;C:\Users\nils-\eclipse-workspace\lwjgl_library\lib\lwjgl-bgfx-javadoc.jar;C:\Users\nils-\eclipse-workspace\lwjgl_library\lib\lwjgl-bgfx-natives-windows.jar;C:\Users\nils-\eclipse-workspace\lwjgl_library\lib\lwjgl-bgfx-sources.jar;C:\Users\nils-\eclipse-workspace\lwjgl_library\lib\lwjgl-bgfx.jar;C:\Users\nils-\eclipse-workspace\lwjgl_library\lib\lwjgl-cuda-javadoc.jar;C:\Users\nils-\eclipse-workspace\lwjgl_library\lib\lwjgl-cuda-sources.jar;C:\Users\nils-\eclipse-workspace\lwjgl_library\lib\lwjgl-cuda.jar;C:\Users\nils-\eclipse-workspace\lwjgl_library\lib\lwjgl-egl-javadoc.jar;C:\Users\nils-\eclipse-workspace\lwjgl_library\lib\lwjgl-egl-sources.jar;C:\Users\nils-\eclipse-workspace\lwjgl_library\lib\lwjgl-egl.jar;C:\Users\nils-\eclipse-workspace\lwjgl_library\lib\lwjgl-glfw-javadoc.jar;C:\Users\nils-\eclipse-workspace\lwjgl_library\lib\lwjgl-glfw-natives-windows.jar;C:\Users\nils-\eclipse-workspace\lwjgl_library\lib\lwjgl-glfw-sources.jar;C:\Users\nils-\eclipse-workspace\lwjgl_library\lib\lwjgl-glfw.jar;C:\Users\nils-\eclipse-workspace\lwjgl_library\lib\lwjgl-javadoc.jar;C:\Users\nils-\eclipse-workspace\lwjgl_library\lib\lwjgl-jawt-javadoc.jar;C:\Users\nils-\eclipse-workspace\lwjgl_library\lib\lwjgl-jawt-sources.jar;C:\Users\nils-\eclipse-workspace\lwjgl_library\lib\lwjgl-jawt.jar;C:\Users\nils-\eclipse-workspace\lwjgl_library\lib\lwjgl-jemalloc-javadoc.jar;C:\Users\nils-\eclipse-workspace\lwjgl_library\lib\lwjgl-jemalloc-natives-windows.jar;C:\Users\nils-\eclipse-workspace\lwjgl_library\lib\lwjgl-jemalloc-sources.jar;C:\Users\nils-\eclipse-workspace\lwjgl_library\lib\lwjgl-jemalloc.jar;C:\U
Launcher Type: SUN_STANDARD

Environment Variables:
PATH=C:/Program Files/Java/jre1.8.0_251/bin/server;C:/Program Files/Java/jre1.8.0_251/bin;C:/Program Files/Java/jre1.8.0_251/lib/amd64;C:\Program Files (x86)\Common Files\Oracle\Java\javapath;C:\Program Files (x86)\Intel\iCLS Client\;C:\Program Files\Intel\iCLS Client\;C:\Windows\system32;C:\Windows;C:\Windows\System32\Wbem;C:\Windows\System32\WindowsPowerShell\v1.0\;C:\Program Files (x86)\NVIDIA Corporation\PhysX\Common;C:\Program Files (x86)\Intel\Intel(R) Management Engine Components\DAL;C:\Program Files\Intel\Intel(R) Management Engine Components\DAL;C:\Program Files (x86)\Intel\Intel(R) Management Engine Components\IPT;C:\Program Files\Intel\Intel(R) Management Engine Components\IPT;C:\WINDOWS\system32;C:\WINDOWS;C:\WINDOWS\System32\Wbem;C:\WINDOWS\System32\WindowsPowerShell\v1.0\;C:\WINDOWS\System32\OpenSSH\;C:\Program Files\dotnet\;C:\Program Files\Microsoft SQL Server\130\Tools\Binn\;C:\Program Files\Microsoft SQL Server\Client SDK\ODBC\170\Tools\Binn\;C:\Program Files (x86)\Microsoft SQL Server\150\DTS\Binn\;C:\Program Files (x86)\Microsoft SQL Server\150\Tools\Binn\;C:\Program Files\Microsoft SQL Server\150\Tools\Binn\;C:\Program Files\Microsoft SQL Server\150\DTS\Binn\;C:\Users\nils-\AppData\Local\Microsoft\WindowsApps;;C:\Users\nils-\OneDrive\Skrivbord;
USERNAME=nils-
OS=Windows_NT
PROCESSOR_IDENTIFIER=Intel64 Family 6 Model 158 Stepping 9, GenuineIntel



---------------  S Y S T E M  ---------------

OS: Windows 10.0 , 64 bit Build 18362 (10.0.18362.778)

CPU:total 4 (initial active 4) (2 cores per cpu, 2 threads per core) family 6 model 158 stepping 9, cmov, cx8, fxsr, mmx, sse, sse2, sse3, ssse3, sse4.1, sse4.2, popcnt, avx, avx2, aes, clmul, erms, 3dnowpref, lzcnt, ht, tsc, tscinvbit, bmi1, bmi2, adx

Memory: 4k page, physical 8297172k(3291932k free), swap 17166960k(8709736k free)

vm_info: Java HotSpot(TM) 64-Bit Server VM (25.251-b08) for windows-amd64 JRE (1.8.0_251-b08), built on Mar 12 2020 06:31:49 by "" with MS VC++ 10.0 (VS2010)

time: Fri May 22 14:49:14 2020
timezone: W. Europe Daylight Time
elapsed time: 1 seconds (0d 0h 0m 1s)

