#
# A fatal error has been detected by the Java Runtime Environment:
#
#  EXCEPTION_ACCESS_VIOLATION (0xc0000005) at pc=0x000000001c4bff5a, pid=13236, tid=0x0000000000007408
#
# JRE version: Java(TM) SE Runtime Environment (8.0_251-b08) (build 1.8.0_251-b08)
# Java VM: Java HotSpot(TM) 64-Bit Server VM (25.251-b08 mixed mode windows-amd64 compressed oops)
# Problematic frame:
# C  0x000000001c4bff5a
#
# Failed to write core dump. Minidumps are not enabled by default on client versions of Windows
#
# If you would like to submit a bug report, please visit:
#   http://bugreport.java.com/bugreport/crash.jsp
#

---------------  T H R E A D  ---------------

Current thread is native thread

siginfo: ExceptionCode=0xc0000005, reading address 0x0000000000000018

Registers:
RAX=0x000000001d551000, RBX=0x000000001c3e0000, RCX=0x0000000000000002, RDX=0x0000000024940004
RSP=0x000000001c5ddff0, RBP=0x0000000024a95548, RSI=0x0000000000000018, RDI=0x0000000000000006
R8 =0x0000000024940000, R9 =0x0000000000055552, R10=0x000000001c4628b0, R11=0x0000000024a95548
R12=0x0000000000055552, R13=0x00000000003fffd8, R14=0x000000001d0b7a30, R15=0x000000001d551000
RIP=0x000000001c4bff5a, EFLAGS=0x0000000000010202

Top of Stack: (sp=0x000000001c5ddff0)
0x000000001c5ddff0:   0000000009b80000 000000001cd773a0
0x000000001c5de000:   0000000000055552 0000000000000000
0x000000001c5de010:   000000001c3e0000 00007ffc7b7b6418
0x000000001c5de020:   0000000000055552 000000001d0b7a30
0x000000001c5de030:   0000000000000000 0000000000000000
0x000000001c5de040:   0000000000000000 0000000000000000
0x000000001c5de050:   0000000000000000 0000000000000000
0x000000001c5de060:   0000000000000000 000000001d551000
0x000000001c5de070:   0000000000000000 0000000000000000
0x000000001c5de080:   0000000024940000 0000000000055552
0x000000001c5de090:   000000001c4bff00 000000001c43bb30
0x000000001c5de0a0:   0000000000000000 000000001cd773a0
0x000000001c5de0b0:   0000000008008c00 000000001cef2e40
0x000000001c5de0c0:   0000000000000000 0000000000000040
0x000000001c5de0d0:   0000000000000000 0000000000000000
0x000000001c5de0e0:   0000000000000000 0000000000000000 

Instructions: (pc=0x000000001c4bff5a)
0x000000001c4bff3a:   48 83 c2 04 48 be 08 c6 43 1c 00 00 00 00 48 8b
0x000000001c4bff4a:   36 48 8b b6 08 03 00 00 48 8d 3c 49 48 8d 34 be
0x000000001c4bff5a:   8b 3e 8b 6e 04 89 38 89 68 04 8b 7e 08 89 78 08
0x000000001c4bff6a:   48 83 c0 0c 49 3b d3 75 b8 48 8b 7c 24 08 48 8b 


Register to memory mapping:

RAX=0x000000001d551000 is an unknown value
RBX=0x000000001c3e0000 is an unknown value
RCX=0x0000000000000002 is an unknown value
RDX=0x0000000024940004 is an unknown value
RSP=0x000000001c5ddff0 is an unknown value
RBP=0x0000000024a95548 is an unknown value
RSI=0x0000000000000018 is an unknown value
RDI=0x0000000000000006 is an unknown value
R8 =0x0000000024940000 is an unknown value
R9 =0x0000000000055552 is an unknown value
R10=0x000000001c4628b0 is an unknown value
R11=0x0000000024a95548 is an unknown value
R12=0x0000000000055552 is an unknown value
R13=0x00000000003fffd8 is an unknown value
R14=0x000000001d0b7a30 is an unknown value
R15=0x000000001d551000 is an unknown value


Stack: [0x000000001c4e0000,0x000000001c5e0000],  sp=0x000000001c5ddff0,  free space=1015k
Native frames: (J=compiled Java code, j=interpreted, Vv=VM code, C=native code)
C  0x000000001c4bff5a


---------------  P R O C E S S  ---------------

VM state:not at safepoint (normal execution)

VM Mutex/Monitor currently owned by a thread: None

heap address: 0x0000000081600000, size: 2026 MB, Compressed Oops mode: 32-bit
Narrow klass base: 0x0000000000000000, Narrow klass shift: 3
Compressed class space size: 1073741824 Address: 0x0000000100000000

Heap:
 PSYoungGen      total 38400K, used 14666K [0x00000000d5d00000, 0x00000000d8780000, 0x0000000100000000)
  eden space 33280K, 31% used [0x00000000d5d00000,0x00000000d671d2d8,0x00000000d7d80000)
  from space 5120K, 84% used [0x00000000d7d80000,0x00000000d81b5598,0x00000000d8280000)
  to   space 5120K, 0% used [0x00000000d8280000,0x00000000d8280000,0x00000000d8780000)
 ParOldGen       total 87552K, used 16K [0x0000000081600000, 0x0000000086b80000, 0x00000000d5d00000)
  object space 87552K, 0% used [0x0000000081600000,0x0000000081604000,0x0000000086b80000)
 Metaspace       used 9664K, capacity 9925K, committed 10112K, reserved 1058816K
  class space    used 774K, capacity 871K, committed 896K, reserved 1048576K

Card table byte_map: [0x0000000012240000,0x0000000012640000] byte_map_base: 0x0000000011e35000

Marking Bits: (ParMarkBitMap*) 0x00000000544daf90
 Begin Bits: [0x0000000012cf0000, 0x0000000014c98000)
 End Bits:   [0x0000000014c98000, 0x0000000016c40000)

Polling page: 0x00000000012e0000

CodeCache: size=245760Kb used=3282Kb max_used=3287Kb free=242478Kb
 bounds [0x0000000002e80000, 0x00000000031c0000, 0x0000000011e80000]
 total_blobs=1690 nmethods=759 adapters=844
 compilation: enabled

Compilation events (10 events):
Event: 1.713 Thread 0x00000000179e5800  756 %     4       niles.lwjgl.shadows.ShadowModel::<init> @ 63 (206 bytes)
Event: 1.717 Thread 0x00000000179e5800 nmethod 756% 0x00000000031b6e50 code [0x00000000031b6fa0, 0x00000000031b7278]
Event: 1.722 Thread 0x00000000179f1000  757   !   3       sun.misc.URLClassPath$JarLoader::checkResource (55 bytes)
Event: 1.722 Thread 0x00000000179f1000 nmethod 757 0x00000000031b62d0 code [0x00000000031b6480, 0x00000000031b6ae8]
Event: 1.746 Thread 0x00000000179f1000  758       3       niles.lwjgl.world.Window::getWindow (5 bytes)
Event: 1.746 Thread 0x00000000179f1000 nmethod 758 0x00000000031b5f90 code [0x00000000031b60e0, 0x00000000031b6230]
Event: 1.746 Thread 0x00000000179f1000  759       3       niles.lwjgl.world.Input::isDown (19 bytes)
Event: 1.746 Thread 0x00000000179f1000 nmethod 759 0x00000000031b5750 code [0x00000000031b58e0, 0x00000000031b5d18]
Event: 1.748 Thread 0x00000000179f1000  760       3       java.nio.DirectByteBuffer::address (5 bytes)
Event: 1.748 Thread 0x00000000179f1000 nmethod 760 0x00000000031b5450 code [0x00000000031b55a0, 0x00000000031b56f0]

GC Heap History (2 events):
Event: 1.701 GC heap before
{Heap before GC invocations=1 (full 0):
 PSYoungGen      total 38400K, used 27257K [0x00000000d5d00000, 0x00000000d8780000, 0x0000000100000000)
  eden space 33280K, 81% used [0x00000000d5d00000,0x00000000d779e660,0x00000000d7d80000)
  from space 5120K, 0% used [0x00000000d8280000,0x00000000d8280000,0x00000000d8780000)
  to   space 5120K, 0% used [0x00000000d7d80000,0x00000000d7d80000,0x00000000d8280000)
 ParOldGen       total 87552K, used 0K [0x0000000081600000, 0x0000000086b80000, 0x00000000d5d00000)
  object space 87552K, 0% used [0x0000000081600000,0x0000000081600000,0x0000000086b80000)
 Metaspace       used 9638K, capacity 9861K, committed 10112K, reserved 1058816K
  class space    used 773K, capacity 871K, committed 896K, reserved 1048576K
Event: 1.706 GC heap after
Heap after GC invocations=1 (full 0):
 PSYoungGen      total 38400K, used 4309K [0x00000000d5d00000, 0x00000000d8780000, 0x0000000100000000)
  eden space 33280K, 0% used [0x00000000d5d00000,0x00000000d5d00000,0x00000000d7d80000)
  from space 5120K, 84% used [0x00000000d7d80000,0x00000000d81b5598,0x00000000d8280000)
  to   space 5120K, 0% used [0x00000000d8280000,0x00000000d8280000,0x00000000d8780000)
 ParOldGen       total 87552K, used 16K [0x0000000081600000, 0x0000000086b80000, 0x00000000d5d00000)
  object space 87552K, 0% used [0x0000000081600000,0x0000000081604000,0x0000000086b80000)
 Metaspace       used 9638K, capacity 9861K, committed 10112K, reserved 1058816K
  class space    used 773K, capacity 871K, committed 896K, reserved 1048576K
}

Deoptimization events (1 events):
Event: 0.157 Thread 0x0000000002d87000 Uncommon trap: reason=unstable_if action=reinterpret pc=0x0000000002f82ab8 method=java.lang.String.hashCode()I @ 14

Classes redefined (0 events):
No events

Internal exceptions (10 events):
Event: 0.626 Thread 0x0000000002d87000 Exception <a 'sun/nio/fs/WindowsException'> (0x00000000d66022d8) thrown at [C:\jenkins\workspace\8-2-build-windows-amd64-cygwin\jdk8u251\737\hotspot\src\share\vm\prims\jni.cpp, line 710]
Event: 0.626 Thread 0x0000000002d87000 Exception <a 'sun/nio/fs/WindowsException'> (0x00000000d6602b80) thrown at [C:\jenkins\workspace\8-2-build-windows-amd64-cygwin\jdk8u251\737\hotspot\src\share\vm\prims\jni.cpp, line 710]
Event: 0.640 Thread 0x0000000002d87000 Exception <a 'sun/nio/fs/WindowsException'> (0x00000000d6645cc0) thrown at [C:\jenkins\workspace\8-2-build-windows-amd64-cygwin\jdk8u251\737\hotspot\src\share\vm\prims\jni.cpp, line 710]
Event: 0.640 Thread 0x0000000002d87000 Exception <a 'sun/nio/fs/WindowsException'> (0x00000000d66463a0) thrown at [C:\jenkins\workspace\8-2-build-windows-amd64-cygwin\jdk8u251\737\hotspot\src\share\vm\prims\jni.cpp, line 710]
Event: 1.344 Thread 0x0000000002d87000 Exception <a 'sun/nio/fs/WindowsException'> (0x00000000d6833638) thrown at [C:\jenkins\workspace\8-2-build-windows-amd64-cygwin\jdk8u251\737\hotspot\src\share\vm\prims\jni.cpp, line 710]
Event: 1.344 Thread 0x0000000002d87000 Exception <a 'sun/nio/fs/WindowsException'> (0x00000000d6833d78) thrown at [C:\jenkins\workspace\8-2-build-windows-amd64-cygwin\jdk8u251\737\hotspot\src\share\vm\prims\jni.cpp, line 710]
Event: 1.348 Thread 0x0000000002d87000 Exception <a 'sun/nio/fs/WindowsException'> (0x00000000d684c438) thrown at [C:\jenkins\workspace\8-2-build-windows-amd64-cygwin\jdk8u251\737\hotspot\src\share\vm\prims\jni.cpp, line 710]
Event: 1.348 Thread 0x0000000002d87000 Exception <a 'sun/nio/fs/WindowsException'> (0x00000000d684ca30) thrown at [C:\jenkins\workspace\8-2-build-windows-amd64-cygwin\jdk8u251\737\hotspot\src\share\vm\prims\jni.cpp, line 710]
Event: 1.401 Thread 0x0000000002d87000 Exception <a 'sun/nio/fs/WindowsException'> (0x00000000d6a241a0) thrown at [C:\jenkins\workspace\8-2-build-windows-amd64-cygwin\jdk8u251\737\hotspot\src\share\vm\prims\jni.cpp, line 710]
Event: 1.402 Thread 0x0000000002d87000 Exception <a 'sun/nio/fs/WindowsException'> (0x00000000d6a248d0) thrown at [C:\jenkins\workspace\8-2-build-windows-amd64-cygwin\jdk8u251\737\hotspot\src\share\vm\prims\jni.cpp, line 710]

Events (10 events):
Event: 1.700 loading class org/joml/Vector2f
Event: 1.700 loading class org/joml/Vector2f done
Event: 1.701 loading class niles/lwjgl/shadows/ShadowModel
Event: 1.701 loading class niles/lwjgl/shadows/ShadowModel done
Event: 1.701 Executing VM operation: ParallelGCFailedAllocation
Event: 1.706 Executing VM operation: ParallelGCFailedAllocation done
Event: 1.721 loading class org/lwjgl/opengl/GL$ICDStatic$WriteOnce
Event: 1.721 loading class org/lwjgl/opengl/GL$ICDStatic$WriteOnce done
Event: 1.743 loading class niles/lwjgl/world/Mouse
Event: 1.743 loading class niles/lwjgl/world/Mouse done


Dynamic libraries:
0x00007ff63fb90000 - 0x00007ff63fbc7000 	C:\Program Files\Java\jre1.8.0_251\bin\javaw.exe
0x00007ffd053c0000 - 0x00007ffd055b0000 	C:\WINDOWS\SYSTEM32\ntdll.dll
0x00007ffd036f0000 - 0x00007ffd037a2000 	C:\WINDOWS\System32\KERNEL32.DLL
0x00007ffd031c0000 - 0x00007ffd03464000 	C:\WINDOWS\System32\KERNELBASE.dll
0x00007ffd05010000 - 0x00007ffd050b3000 	C:\WINDOWS\System32\ADVAPI32.dll
0x00007ffd03ee0000 - 0x00007ffd03f7e000 	C:\WINDOWS\System32\msvcrt.dll
0x00007ffd03dc0000 - 0x00007ffd03e57000 	C:\WINDOWS\System32\sechost.dll
0x00007ffd05160000 - 0x00007ffd05280000 	C:\WINDOWS\System32\RPCRT4.dll
0x00007ffd037b0000 - 0x00007ffd03944000 	C:\WINDOWS\System32\USER32.dll
0x00007ffd02e40000 - 0x00007ffd02e61000 	C:\WINDOWS\System32\win32u.dll
0x00007ffd050c0000 - 0x00007ffd050e6000 	C:\WINDOWS\System32\GDI32.dll
0x00007ffd02fc0000 - 0x00007ffd03154000 	C:\WINDOWS\System32\gdi32full.dll
0x00007ffd02cd0000 - 0x00007ffd02d6e000 	C:\WINDOWS\System32\msvcp_win.dll
0x00007ffd02350000 - 0x00007ffd0244a000 	C:\WINDOWS\System32\ucrtbase.dll
0x00007ffcf9750000 - 0x00007ffcf99d4000 	C:\WINDOWS\WinSxS\amd64_microsoft.windows.common-controls_6595b64144ccf1df_6.0.18362.836_none_e6c4b943130f18ed\COMCTL32.dll
0x00007ffd03950000 - 0x00007ffd03c86000 	C:\WINDOWS\System32\combase.dll
0x00007ffd02d70000 - 0x00007ffd02df0000 	C:\WINDOWS\System32\bcryptPrimitives.dll
0x00007ffd05280000 - 0x00007ffd052ae000 	C:\WINDOWS\System32\IMM32.DLL
0x0000000054820000 - 0x00000000548f2000 	C:\Program Files\Java\jre1.8.0_251\bin\msvcr100.dll
0x0000000053cb0000 - 0x000000005455b000 	C:\Program Files\Java\jre1.8.0_251\bin\server\jvm.dll
0x00007ffd05000000 - 0x00007ffd05008000 	C:\WINDOWS\System32\PSAPI.DLL
0x00007ffcfed20000 - 0x00007ffcfed44000 	C:\WINDOWS\SYSTEM32\WINMM.dll
0x00007ffcfcc30000 - 0x00007ffcfcc3a000 	C:\WINDOWS\SYSTEM32\VERSION.dll
0x00007ffcfecf0000 - 0x00007ffcfed1d000 	C:\WINDOWS\SYSTEM32\WINMMBASE.dll
0x00007ffd02df0000 - 0x00007ffd02e3a000 	C:\WINDOWS\System32\cfgmgr32.dll
0x00007ffcf8480000 - 0x00007ffcf8489000 	C:\WINDOWS\SYSTEM32\WSOCK32.dll
0x00007ffd04a70000 - 0x00007ffd04adf000 	C:\WINDOWS\System32\WS2_32.dll
0x00007ffcf8300000 - 0x00007ffcf830f000 	C:\Program Files\Java\jre1.8.0_251\bin\verify.dll
0x00007ffce4520000 - 0x00007ffce4549000 	C:\Program Files\Java\jre1.8.0_251\bin\java.dll
0x00007ffcee310000 - 0x00007ffcee326000 	C:\Program Files\Java\jre1.8.0_251\bin\zip.dll
0x00007ffd04140000 - 0x00007ffd04824000 	C:\WINDOWS\System32\SHELL32.dll
0x00007ffd04850000 - 0x00007ffd048f9000 	C:\WINDOWS\System32\shcore.dll
0x00007ffd02470000 - 0x00007ffd02bee000 	C:\WINDOWS\System32\windows.storage.dll
0x00007ffd02300000 - 0x00007ffd02323000 	C:\WINDOWS\System32\profapi.dll
0x00007ffd022b0000 - 0x00007ffd022fa000 	C:\WINDOWS\System32\powrprof.dll
0x00007ffd02280000 - 0x00007ffd02290000 	C:\WINDOWS\System32\UMPDC.dll
0x00007ffd03d60000 - 0x00007ffd03db2000 	C:\WINDOWS\System32\shlwapi.dll
0x00007ffd02290000 - 0x00007ffd022a1000 	C:\WINDOWS\System32\kernel.appcore.dll
0x00007ffd02450000 - 0x00007ffd02467000 	C:\WINDOWS\System32\cryptsp.dll
0x00007ffceaa80000 - 0x00007ffceaa9a000 	C:\Program Files\Java\jre1.8.0_251\bin\net.dll
0x00007ffd01a90000 - 0x00007ffd01af7000 	C:\WINDOWS\system32\mswsock.dll
0x00007ffcea440000 - 0x00007ffcea452000 	C:\Program Files\Java\jre1.8.0_251\bin\nio.dll
0x00007ffce0e30000 - 0x00007ffce0e94000 	C:\Users\nils-\AppData\Local\Temp\lwjglnils-\3.2.3-build-13\lwjgl.dll
0x00007ffce0dc0000 - 0x00007ffce0e22000 	C:\Users\nils-\AppData\Local\Temp\lwjglnils-\3.2.3-build-13\glfw.dll
0x00007ffd00610000 - 0x00007ffd006a9000 	C:\WINDOWS\system32\uxtheme.dll
0x00007ffcf89f0000 - 0x00007ffcf8a33000 	C:\WINDOWS\SYSTEM32\dinput8.dll
0x00007ffcf3d20000 - 0x00007ffcf3d31000 	C:\WINDOWS\SYSTEM32\xinput1_4.dll
0x00007ffd02040000 - 0x00007ffd0206a000 	C:\WINDOWS\SYSTEM32\DEVOBJ.dll
0x00007ffd008f0000 - 0x00007ffd0091d000 	C:\WINDOWS\SYSTEM32\dwmapi.dll
0x00007ffcf8b50000 - 0x00007ffcf8c6b000 	C:\WINDOWS\SYSTEM32\inputhost.dll
0x00007ffcfcf60000 - 0x00007ffcfd28a000 	C:\WINDOWS\SYSTEM32\CoreUIComponents.dll
0x00007ffcfee20000 - 0x00007ffcfeef4000 	C:\WINDOWS\SYSTEM32\CoreMessaging.dll
0x00007ffcfe1b0000 - 0x00007ffcfe2a0000 	C:\WINDOWS\SYSTEM32\PROPSYS.dll
0x00007ffd052b0000 - 0x00007ffd05374000 	C:\WINDOWS\System32\OLEAUT32.dll
0x00007ffcfd570000 - 0x00007ffcfd6c3000 	C:\WINDOWS\SYSTEM32\wintypes.dll
0x00007ffd01360000 - 0x00007ffd01391000 	C:\WINDOWS\SYSTEM32\ntmarta.dll
0x00007ffd04000000 - 0x00007ffd04136000 	C:\WINDOWS\System32\MSCTF.dll
0x00007ffd00bc0000 - 0x00007ffd00bce000 	C:\WINDOWS\SYSTEM32\HID.DLL
0x00007ffd04b90000 - 0x00007ffd05000000 	C:\WINDOWS\System32\SETUPAPI.DLL
0x00007ffd02bf0000 - 0x00007ffd02c16000 	C:\WINDOWS\System32\bcrypt.dll
0x00007ffd03160000 - 0x00007ffd031bc000 	C:\WINDOWS\System32\WINTRUST.dll
0x00007ffd02330000 - 0x00007ffd02342000 	C:\WINDOWS\System32\MSASN1.dll
0x00007ffd02e70000 - 0x00007ffd02fb9000 	C:\WINDOWS\System32\CRYPT32.dll
0x00007ffcf5c70000 - 0x00007ffcf5dc6000 	C:\WINDOWS\SYSTEM32\opengl32.dll
0x00007ffcfd290000 - 0x00007ffcfd2bc000 	C:\WINDOWS\SYSTEM32\GLU32.dll
0x00007ffd00ef0000 - 0x00007ffd00f10000 	C:\WINDOWS\SYSTEM32\dxcore.dll
0x00007ffc7aa80000 - 0x00007ffc7d1a4000 	C:\WINDOWS\System32\DriverStore\FileRepository\nvlei.inf_amd64_1f32a21f6762787e\nvoglv64.dll
0x00007ffd04900000 - 0x00007ffd04a57000 	C:\WINDOWS\System32\ole32.dll
0x00007ffcfe180000 - 0x00007ffcfe193000 	C:\WINDOWS\SYSTEM32\WTSAPI32.dll
0x00007ffcf15f0000 - 0x00007ffcf1856000 	C:\WINDOWS\system32\nvspcap64.dll
0x00007ffd02070000 - 0x00007ffd020c6000 	C:\WINDOWS\SYSTEM32\WINSTA.dll
0x00007ffcfc670000 - 0x00007ffcfc70e000 	C:\WINDOWS\System32\TextInputFramework.dll
0x00007ffcf12f0000 - 0x00007ffcf1596000 	C:\WINDOWS\System32\iertutil.dll
0x00007ffce0d60000 - 0x00007ffce0db9000 	C:\Users\nils-\AppData\Local\Temp\lwjglnils-\3.2.3-build-13\lwjgl_opengl.dll
0x00007ffcd1d50000 - 0x00007ffcd1fa3000 	C:\Users\nils-\AppData\Local\Temp\lwjglnils-\3.2.3-build-13\jemalloc.dll
0x00007ffd00cd0000 - 0x00007ffd00ec4000 	C:\WINDOWS\SYSTEM32\dbghelp.dll

VM Arguments:
jvm_args: -Dfile.encoding=Cp1252 
java_command: testing.testing3
java_class_path (initial): C:\Users\nils-\eclipse-workspace\lwjgl_library\bin;C:\Users\nils-\eclipse-workspace\lwjgl_library\lib\lwjgl-assimp-javadoc.jar;C:\Users\nils-\eclipse-workspace\lwjgl_library\lib\lwjgl-assimp-natives-windows.jar;C:\Users\nils-\eclipse-workspace\lwjgl_library\lib\lwjgl-assimp-sources.jar;C:\Users\nils-\eclipse-workspace\lwjgl_library\lib\lwjgl-assimp.jar;C:\Users\nils-\eclipse-workspace\lwjgl_library\lib\lwjgl-bgfx-javadoc.jar;C:\Users\nils-\eclipse-workspace\lwjgl_library\lib\lwjgl-bgfx-natives-windows.jar;C:\Users\nils-\eclipse-workspace\lwjgl_library\lib\lwjgl-bgfx-sources.jar;C:\Users\nils-\eclipse-workspace\lwjgl_library\lib\lwjgl-bgfx.jar;C:\Users\nils-\eclipse-workspace\lwjgl_library\lib\lwjgl-cuda-javadoc.jar;C:\Users\nils-\eclipse-workspace\lwjgl_library\lib\lwjgl-cuda-sources.jar;C:\Users\nils-\eclipse-workspace\lwjgl_library\lib\lwjgl-cuda.jar;C:\Users\nils-\eclipse-workspace\lwjgl_library\lib\lwjgl-egl-javadoc.jar;C:\Users\nils-\eclipse-workspace\lwjgl_library\lib\lwjgl-egl-sources.jar;C:\Users\nils-\eclipse-workspace\lwjgl_library\lib\lwjgl-egl.jar;C:\Users\nils-\eclipse-workspace\lwjgl_library\lib\lwjgl-glfw-javadoc.jar;C:\Users\nils-\eclipse-workspace\lwjgl_library\lib\lwjgl-glfw-natives-windows.jar;C:\Users\nils-\eclipse-workspace\lwjgl_library\lib\lwjgl-glfw-sources.jar;C:\Users\nils-\eclipse-workspace\lwjgl_library\lib\lwjgl-glfw.jar;C:\Users\nils-\eclipse-workspace\lwjgl_library\lib\lwjgl-javadoc.jar;C:\Users\nils-\eclipse-workspace\lwjgl_library\lib\lwjgl-jawt-javadoc.jar;C:\Users\nils-\eclipse-workspace\lwjgl_library\lib\lwjgl-jawt-sources.jar;C:\Users\nils-\eclipse-workspace\lwjgl_library\lib\lwjgl-jawt.jar;C:\Users\nils-\eclipse-workspace\lwjgl_library\lib\lwjgl-jemalloc-javadoc.jar;C:\Users\nils-\eclipse-workspace\lwjgl_library\lib\lwjgl-jemalloc-natives-windows.jar;C:\Users\nils-\eclipse-workspace\lwjgl_library\lib\lwjgl-jemalloc-sources.jar;C:\Users\nils-\eclipse-workspace\lwjgl_library\lib\lwjgl-jemalloc.jar;C:\U
Launcher Type: SUN_STANDARD

Environment Variables:
PATH=C:/Program Files/Java/jre1.8.0_251/bin/server;C:/Program Files/Java/jre1.8.0_251/bin;C:/Program Files/Java/jre1.8.0_251/lib/amd64;C:\Program Files (x86)\Common Files\Oracle\Java\javapath;C:\Program Files (x86)\Intel\iCLS Client\;C:\Program Files\Intel\iCLS Client\;C:\Windows\system32;C:\Windows;C:\Windows\System32\Wbem;C:\Windows\System32\WindowsPowerShell\v1.0\;C:\Program Files (x86)\NVIDIA Corporation\PhysX\Common;C:\Program Files (x86)\Intel\Intel(R) Management Engine Components\DAL;C:\Program Files\Intel\Intel(R) Management Engine Components\DAL;C:\Program Files (x86)\Intel\Intel(R) Management Engine Components\IPT;C:\Program Files\Intel\Intel(R) Management Engine Components\IPT;C:\WINDOWS\system32;C:\WINDOWS;C:\WINDOWS\System32\Wbem;C:\WINDOWS\System32\WindowsPowerShell\v1.0\;C:\WINDOWS\System32\OpenSSH\;C:\Program Files\dotnet\;C:\Program Files\Microsoft SQL Server\130\Tools\Binn\;C:\Program Files\Microsoft SQL Server\Client SDK\ODBC\170\Tools\Binn\;C:\Program Files (x86)\Microsoft SQL Server\150\DTS\Binn\;C:\Program Files (x86)\Microsoft SQL Server\150\Tools\Binn\;C:\Program Files\Microsoft SQL Server\150\Tools\Binn\;C:\Program Files\Microsoft SQL Server\150\DTS\Binn\;C:\Users\nils-\AppData\Local\Microsoft\WindowsApps;;C:\Users\nils-\OneDrive\Skrivbord;
USERNAME=nils-
OS=Windows_NT
PROCESSOR_IDENTIFIER=Intel64 Family 6 Model 158 Stepping 9, GenuineIntel



---------------  S Y S T E M  ---------------

OS: Windows 10.0 , 64 bit Build 18362 (10.0.18362.778)

CPU:total 4 (initial active 4) (2 cores per cpu, 2 threads per core) family 6 model 158 stepping 9, cmov, cx8, fxsr, mmx, sse, sse2, sse3, ssse3, sse4.1, sse4.2, popcnt, avx, avx2, aes, clmul, erms, 3dnowpref, lzcnt, ht, tsc, tscinvbit, bmi1, bmi2, adx

Memory: 4k page, physical 8297172k(1596560k free), swap 30684132k(18173412k free)

vm_info: Java HotSpot(TM) 64-Bit Server VM (25.251-b08) for windows-amd64 JRE (1.8.0_251-b08), built on Mar 12 2020 06:31:49 by "" with MS VC++ 10.0 (VS2010)

time: Sat Jun 06 16:58:44 2020
timezone: W. Europe Daylight Time
elapsed time: 1 seconds (0d 0h 0m 1s)

